[40m2024-02-25 02:59:33.737 PM info: [32mThis is an information message.[39m[49m
[40m2024-02-25 02:59:33.739 PM warn: [35mThis is a warning message.[39m[49m
[40m2024-02-25 02:59:33.739 PM error: [31mThis is an error message.[39m[49m
[40m2024-02-25 02:59:33.754 PM info: [32mA new log file was created: logs/2024-02-25/combined-2024-02-25.log[39m[49m
[40m2024-02-25 02:59:33.755 PM info: [32mServer is listening on port 8081[39m[49m
[40m2024-02-25 03:00:56.390 PM info: [32mPage Requested: GET /pages/account[39m[49m
[40m2024-02-25 03:00:58.439 PM info: [32mPage Requested: GET /pages/index[39m[49m
[40m2024-02-25 03:01:01.290 PM info: [32mPage Requested: GET /pages/index[39m[49m
[40m2024-02-25 03:03:54.706 PM info: [32mPage Requested: GET /pages/index[39m[49m
[40m2024-02-25 04:05:45.767 PM info: [32mThis is an information message.[39m[49m
[40m2024-02-25 04:05:45.769 PM warn: [35mThis is a warning message.[39m[49m
[40m2024-02-25 04:05:45.769 PM error: [31mThis is an error message.[39m[49m
[40m2024-02-25 04:05:45.787 PM info: [32mA new log file was created: logs/2024-02-25/combined-2024-02-25.log[39m[49m
[40m2024-02-25 04:05:45.788 PM info: [32mServer is listening on port 8081[39m[49m
[40m2024-02-25 04:05:56.422 PM info: [32mPage Requested: GET /pages/index[39m[49m
[40m2024-02-25 04:08:25.510 PM info: [32mPage Requested: GET /pages/index[39m[49m
[40m2024-02-25 04:45:48.831 PM info: [32mPage Requested: GET /pages/index[39m[49m
[40m2024-02-25 04:53:38.711 PM info: [32mPage Requested: GET /pages/index[39m[49m
[40m2024-02-25 05:10:11.281 PM info: [32mPage Requested: GET /pages/index[39m[49m
[40m2024-02-25 05:10:11.396 PM error: [31m404 - route not found.[39m[49m
[40m2024-02-25 05:12:19.840 PM info: [32mPage Requested: GET /pages/index[39m[49m
[40m2024-02-25 05:19:47.505 PM info: [32mPage Requested: GET /pages/index[39m[49m
[40m2024-02-25 05:19:54.017 PM info: [32mPage Requested: GET /pages/index[39m[49m
[40m2024-02-25 05:20:05.094 PM info: [32mPage Requested: GET /pages/index[39m[49m
