{"level":"info","message":"Page Requested: GET /pages/index","service":"admin-service","timestamp":"2024-02-22 03:38:30.867 PM"}
{"level":"info","message":"A new log file was created: logs/2024-02-22/combined-2024-02-22.log","service":"admin-service","timestamp":"2024-02-22 03:38:30.879 PM"}
{"level":"info","message":"A log file was rotated. Old filename: logs/2024-02-21/combined-2024-02-21.log. New filename: logs/2024-02-22/combined-2024-02-22.log","service":"admin-service","timestamp":"2024-02-22 03:38:30.879 PM"}
{"level":"info","message":"Page Requested: GET /pages/index","service":"admin-service","timestamp":"2024-02-22 03:47:21.358 PM"}
{"level":"info","message":"Page Requested: GET /pages/index","service":"admin-service","timestamp":"2024-02-22 03:49:11.519 PM"}
{"level":"info","message":"A new log file was created: logs/2024-02-22/combined-2024-02-22.log","service":"admin-service","timestamp":"2024-02-22 03:56:30.573 PM"}
{"level":"info","message":"Server is listening on port 8081","service":"admin-service","timestamp":"2024-02-22 03:56:30.575 PM"}
{"level":"info","message":"Page Requested: GET /pages/index","service":"admin-service","timestamp":"2024-02-22 03:56:34.765 PM"}
{"level":"info","message":"Page Requested: GET /pages/index","service":"admin-service","timestamp":"2024-02-22 04:02:53.252 PM"}
{"level":"info","message":"Page Requested: GET /pages/index","service":"admin-service","timestamp":"2024-02-22 04:03:36.929 PM"}
{"level":"info","message":"Page Requested: GET /pages/index","service":"admin-service","timestamp":"2024-02-22 04:03:57.503 PM"}
{"level":"info","message":"Page Requested: GET /pages/index","service":"admin-service","timestamp":"2024-02-22 04:07:02.889 PM"}
{"level":"info","message":"A new log file was created: logs/2024-02-22/combined-2024-02-22.log","service":"admin-service","timestamp":"2024-02-22 04:08:08.848 PM"}
{"level":"info","message":"Server is listening on port 8081","service":"admin-service","timestamp":"2024-02-22 04:08:08.850 PM"}
{"level":"info","message":"Page Requested: GET /pages/index","service":"admin-service","timestamp":"2024-02-22 04:08:14.001 PM"}
{"level":"error","message":"404 - route not found.","service":"admin-service","timestamp":"2024-02-22 04:08:23.090 PM"}
{"level":"info","message":"Page Requested: GET /pages/index","service":"admin-service","timestamp":"2024-02-22 04:10:04.181 PM"}
{"level":"error","message":"404 - route not found.","service":"admin-service","timestamp":"2024-02-22 04:10:06.895 PM"}
{"level":"info","message":"Page Requested: GET /pages/index","service":"admin-service","timestamp":"2024-02-22 04:14:48.363 PM"}
{"level":"info","message":"Page Requested: GET /pages/index","service":"admin-service","timestamp":"2024-02-22 04:15:04.264 PM"}
{"level":"info","message":"Page Requested: GET /pages/index","service":"admin-service","timestamp":"2024-02-22 04:15:04.965 PM"}
{"level":"info","message":"Page Requested: GET /pages/index","service":"admin-service","timestamp":"2024-02-22 04:15:10.048 PM"}
{"level":"info","message":"Page Requested: GET /pages/index","service":"admin-service","timestamp":"2024-02-22 04:15:10.597 PM"}
{"level":"info","message":"Page Requested: GET /pages/index","service":"admin-service","timestamp":"2024-02-22 04:15:10.877 PM"}
{"level":"info","message":"Page Requested: GET /pages/index","service":"admin-service","timestamp":"2024-02-22 04:15:11.108 PM"}
{"level":"info","message":"A new log file was created: logs/2024-02-22/combined-2024-02-22.log","service":"admin-service","timestamp":"2024-02-22 04:15:23.955 PM"}
{"level":"info","message":"Server is listening on port 8081","service":"admin-service","timestamp":"2024-02-22 04:15:23.958 PM"}
{"level":"info","message":"Page Requested: GET /pages/index","service":"admin-service","timestamp":"2024-02-22 04:15:28.071 PM"}
{"level":"info","message":"Page Requested: GET /pages/index","service":"admin-service","timestamp":"2024-02-22 04:15:29.046 PM"}
{"level":"info","message":"Page Requested: GET /pages/index","service":"admin-service","timestamp":"2024-02-22 04:15:29.881 PM"}
{"level":"error","message":"404 - route not found.","service":"admin-service","timestamp":"2024-02-22 04:16:15.495 PM"}
{"level":"error","message":"404 - route not found.","service":"admin-service","timestamp":"2024-02-22 04:16:16.027 PM"}
{"level":"error","message":"404 - route not found.","service":"admin-service","timestamp":"2024-02-22 04:29:28.672 PM"}
{"level":"error","message":"404 - route not found.","service":"admin-service","timestamp":"2024-02-22 04:33:51.779 PM"}
{"level":"error","message":"404 - route not found.","service":"admin-service","timestamp":"2024-02-22 04:33:52.291 PM"}
{"level":"info","message":"A new log file was created: logs/2024-02-22/combined-2024-02-22.log","service":"admin-service","timestamp":"2024-02-22 04:53:54.481 PM"}
{"level":"info","message":"Server is listening on port 8081","service":"admin-service","timestamp":"2024-02-22 04:53:54.483 PM"}
{"level":"error","message":"404 - route not found.","service":"admin-service","timestamp":"2024-02-22 04:58:21.664 PM"}
{"level":"error","message":"404 - route not found.","service":"admin-service","timestamp":"2024-02-22 05:14:01.866 PM"}
{"level":"error","message":"404 - route not found.","service":"admin-service","timestamp":"2024-02-22 05:14:01.883 PM"}
{"level":"error","message":"404 - route not found.","service":"admin-service","timestamp":"2024-02-22 05:14:01.893 PM"}
{"level":"error","message":"404 - route not found.","service":"admin-service","timestamp":"2024-02-22 05:14:01.896 PM"}
{"level":"error","message":"404 - route not found.","service":"admin-service","timestamp":"2024-02-22 05:14:01.897 PM"}
{"level":"error","message":"404 - route not found.","service":"admin-service","timestamp":"2024-02-22 05:14:01.899 PM"}
{"level":"error","message":"404 - route not found.","service":"admin-service","timestamp":"2024-02-22 05:14:01.900 PM"}
{"level":"error","message":"404 - route not found.","service":"admin-service","timestamp":"2024-02-22 05:14:01.902 PM"}
{"level":"error","message":"404 - route not found.","service":"admin-service","timestamp":"2024-02-22 05:14:01.904 PM"}
{"level":"error","message":"404 - route not found.","service":"admin-service","timestamp":"2024-02-22 05:14:16.001 PM"}
{"level":"error","message":"404 - route not found.","service":"admin-service","timestamp":"2024-02-22 05:14:16.021 PM"}
{"level":"error","message":"404 - route not found.","service":"admin-service","timestamp":"2024-02-22 05:14:16.023 PM"}
{"level":"error","message":"404 - route not found.","service":"admin-service","timestamp":"2024-02-22 05:14:16.026 PM"}
{"level":"error","message":"404 - route not found.","service":"admin-service","timestamp":"2024-02-22 05:14:16.028 PM"}
{"level":"error","message":"404 - route not found.","service":"admin-service","timestamp":"2024-02-22 05:14:16.034 PM"}
{"level":"error","message":"404 - route not found.","service":"admin-service","timestamp":"2024-02-22 05:14:16.035 PM"}
{"level":"error","message":"404 - route not found.","service":"admin-service","timestamp":"2024-02-22 05:14:16.036 PM"}
{"level":"error","message":"404 - route not found.","service":"admin-service","timestamp":"2024-02-22 05:14:16.037 PM"}
{"level":"error","message":"404 - route not found.","service":"admin-service","timestamp":"2024-02-22 05:14:22.869 PM"}
{"level":"error","message":"404 - route not found.","service":"admin-service","timestamp":"2024-02-22 05:14:23.489 PM"}
{"level":"error","message":"404 - route not found.","service":"admin-service","timestamp":"2024-02-22 05:15:24.296 PM"}
{"level":"error","message":"404 - route not found.","service":"admin-service","timestamp":"2024-02-22 05:15:24.302 PM"}
{"level":"error","message":"404 - route not found.","service":"admin-service","timestamp":"2024-02-22 05:15:24.306 PM"}
{"level":"error","message":"404 - route not found.","service":"admin-service","timestamp":"2024-02-22 05:15:24.310 PM"}
{"level":"error","message":"404 - route not found.","service":"admin-service","timestamp":"2024-02-22 05:15:24.311 PM"}
{"level":"error","message":"404 - route not found.","service":"admin-service","timestamp":"2024-02-22 05:15:24.311 PM"}
{"level":"error","message":"404 - route not found.","service":"admin-service","timestamp":"2024-02-22 05:15:24.313 PM"}
{"level":"error","message":"404 - route not found.","service":"admin-service","timestamp":"2024-02-22 05:15:24.314 PM"}
{"level":"error","message":"404 - route not found.","service":"admin-service","timestamp":"2024-02-22 05:15:24.325 PM"}
{"level":"error","message":"404 - route not found.","service":"admin-service","timestamp":"2024-02-22 05:15:29.959 PM"}
{"level":"error","message":"404 - route not found.","service":"admin-service","timestamp":"2024-02-22 05:16:22.845 PM"}
{"level":"error","message":"404 - route not found.","service":"admin-service","timestamp":"2024-02-22 05:16:22.854 PM"}
{"level":"error","message":"404 - route not found.","service":"admin-service","timestamp":"2024-02-22 05:16:22.855 PM"}
{"level":"error","message":"404 - route not found.","service":"admin-service","timestamp":"2024-02-22 05:16:22.856 PM"}
{"level":"error","message":"404 - route not found.","service":"admin-service","timestamp":"2024-02-22 05:16:22.857 PM"}
{"level":"error","message":"404 - route not found.","service":"admin-service","timestamp":"2024-02-22 05:16:22.858 PM"}
{"level":"error","message":"404 - route not found.","service":"admin-service","timestamp":"2024-02-22 05:16:22.861 PM"}
{"level":"error","message":"404 - route not found.","service":"admin-service","timestamp":"2024-02-22 05:16:22.874 PM"}
{"level":"error","message":"404 - route not found.","service":"admin-service","timestamp":"2024-02-22 05:16:22.874 PM"}
{"level":"error","message":"404 - route not found.","service":"admin-service","timestamp":"2024-02-22 05:18:13.473 PM"}
{"level":"error","message":"404 - route not found.","service":"admin-service","timestamp":"2024-02-22 05:18:13.507 PM"}
{"level":"error","message":"404 - route not found.","service":"admin-service","timestamp":"2024-02-22 05:18:13.508 PM"}
{"level":"error","message":"404 - route not found.","service":"admin-service","timestamp":"2024-02-22 05:18:13.509 PM"}
{"level":"error","message":"404 - route not found.","service":"admin-service","timestamp":"2024-02-22 05:18:13.513 PM"}
{"level":"error","message":"404 - route not found.","service":"admin-service","timestamp":"2024-02-22 05:18:13.514 PM"}
{"level":"error","message":"404 - route not found.","service":"admin-service","timestamp":"2024-02-22 05:18:13.516 PM"}
{"level":"error","message":"404 - route not found.","service":"admin-service","timestamp":"2024-02-22 05:18:13.524 PM"}
{"level":"error","message":"404 - route not found.","service":"admin-service","timestamp":"2024-02-22 05:18:13.526 PM"}
{"level":"error","message":"404 - route not found.","service":"admin-service","timestamp":"2024-02-22 05:19:06.467 PM"}
{"level":"error","message":"404 - route not found.","service":"admin-service","timestamp":"2024-02-22 05:19:06.488 PM"}
{"level":"error","message":"404 - route not found.","service":"admin-service","timestamp":"2024-02-22 05:19:06.489 PM"}
{"level":"error","message":"404 - route not found.","service":"admin-service","timestamp":"2024-02-22 05:19:06.495 PM"}
{"level":"error","message":"404 - route not found.","service":"admin-service","timestamp":"2024-02-22 05:19:06.502 PM"}
{"level":"error","message":"404 - route not found.","service":"admin-service","timestamp":"2024-02-22 05:19:06.503 PM"}
{"level":"error","message":"404 - route not found.","service":"admin-service","timestamp":"2024-02-22 05:19:06.504 PM"}
{"level":"error","message":"404 - route not found.","service":"admin-service","timestamp":"2024-02-22 05:19:06.504 PM"}
{"level":"error","message":"404 - route not found.","service":"admin-service","timestamp":"2024-02-22 05:19:06.504 PM"}
{"level":"error","message":"404 - route not found.","service":"admin-service","timestamp":"2024-02-22 05:19:22.001 PM"}
{"level":"error","message":"404 - route not found.","service":"admin-service","timestamp":"2024-02-22 05:19:22.043 PM"}
{"level":"error","message":"404 - route not found.","service":"admin-service","timestamp":"2024-02-22 05:19:22.044 PM"}
{"level":"error","message":"404 - route not found.","service":"admin-service","timestamp":"2024-02-22 05:19:22.044 PM"}
{"level":"error","message":"404 - route not found.","service":"admin-service","timestamp":"2024-02-22 05:19:22.046 PM"}
{"level":"error","message":"404 - route not found.","service":"admin-service","timestamp":"2024-02-22 05:19:22.046 PM"}
{"level":"error","message":"404 - route not found.","service":"admin-service","timestamp":"2024-02-22 05:19:22.046 PM"}
{"level":"error","message":"404 - route not found.","service":"admin-service","timestamp":"2024-02-22 05:19:22.048 PM"}
{"level":"error","message":"404 - route not found.","service":"admin-service","timestamp":"2024-02-22 05:19:22.048 PM"}
{"level":"error","message":"404 - route not found.","service":"admin-service","timestamp":"2024-02-22 05:19:24.192 PM"}
{"level":"error","message":"404 - route not found.","service":"admin-service","timestamp":"2024-02-22 05:19:24.198 PM"}
{"level":"error","message":"404 - route not found.","service":"admin-service","timestamp":"2024-02-22 05:19:24.205 PM"}
{"level":"error","message":"404 - route not found.","service":"admin-service","timestamp":"2024-02-22 05:19:24.207 PM"}
{"level":"error","message":"404 - route not found.","service":"admin-service","timestamp":"2024-02-22 05:19:24.207 PM"}
{"level":"error","message":"404 - route not found.","service":"admin-service","timestamp":"2024-02-22 05:19:24.208 PM"}
{"level":"error","message":"404 - route not found.","service":"admin-service","timestamp":"2024-02-22 05:19:24.209 PM"}
{"level":"error","message":"404 - route not found.","service":"admin-service","timestamp":"2024-02-22 05:19:24.210 PM"}
{"level":"error","message":"404 - route not found.","service":"admin-service","timestamp":"2024-02-22 05:19:24.213 PM"}
{"level":"error","message":"404 - route not found.","service":"admin-service","timestamp":"2024-02-22 05:19:25.836 PM"}
{"level":"error","message":"404 - route not found.","service":"admin-service","timestamp":"2024-02-22 05:19:25.844 PM"}
{"level":"error","message":"404 - route not found.","service":"admin-service","timestamp":"2024-02-22 05:19:25.845 PM"}
{"level":"error","message":"404 - route not found.","service":"admin-service","timestamp":"2024-02-22 05:19:25.845 PM"}
{"level":"error","message":"404 - route not found.","service":"admin-service","timestamp":"2024-02-22 05:19:25.846 PM"}
{"level":"error","message":"404 - route not found.","service":"admin-service","timestamp":"2024-02-22 05:19:25.847 PM"}
{"level":"error","message":"404 - route not found.","service":"admin-service","timestamp":"2024-02-22 05:19:25.848 PM"}
{"level":"error","message":"404 - route not found.","service":"admin-service","timestamp":"2024-02-22 05:19:25.849 PM"}
{"level":"error","message":"404 - route not found.","service":"admin-service","timestamp":"2024-02-22 05:19:25.850 PM"}
{"level":"error","message":"404 - route not found.","service":"admin-service","timestamp":"2024-02-22 05:19:41.050 PM"}
{"level":"error","message":"404 - route not found.","service":"admin-service","timestamp":"2024-02-22 05:19:41.060 PM"}
{"level":"error","message":"404 - route not found.","service":"admin-service","timestamp":"2024-02-22 05:19:41.063 PM"}
{"level":"error","message":"404 - route not found.","service":"admin-service","timestamp":"2024-02-22 05:19:41.064 PM"}
{"level":"error","message":"404 - route not found.","service":"admin-service","timestamp":"2024-02-22 05:19:41.066 PM"}
{"level":"error","message":"404 - route not found.","service":"admin-service","timestamp":"2024-02-22 05:19:41.068 PM"}
{"level":"error","message":"404 - route not found.","service":"admin-service","timestamp":"2024-02-22 05:19:41.070 PM"}
{"level":"error","message":"404 - route not found.","service":"admin-service","timestamp":"2024-02-22 05:19:41.070 PM"}
{"level":"error","message":"404 - route not found.","service":"admin-service","timestamp":"2024-02-22 05:19:41.072 PM"}
{"level":"error","message":"404 - route not found.","service":"admin-service","timestamp":"2024-02-22 05:19:56.185 PM"}
{"level":"error","message":"404 - route not found.","service":"admin-service","timestamp":"2024-02-22 05:19:56.198 PM"}
{"level":"error","message":"404 - route not found.","service":"admin-service","timestamp":"2024-02-22 05:19:56.199 PM"}
{"level":"error","message":"404 - route not found.","service":"admin-service","timestamp":"2024-02-22 05:19:56.202 PM"}
{"level":"error","message":"404 - route not found.","service":"admin-service","timestamp":"2024-02-22 05:19:56.204 PM"}
{"level":"error","message":"404 - route not found.","service":"admin-service","timestamp":"2024-02-22 05:19:56.205 PM"}
{"level":"error","message":"404 - route not found.","service":"admin-service","timestamp":"2024-02-22 05:19:56.207 PM"}
{"level":"error","message":"404 - route not found.","service":"admin-service","timestamp":"2024-02-22 05:19:56.210 PM"}
{"level":"error","message":"404 - route not found.","service":"admin-service","timestamp":"2024-02-22 05:19:56.213 PM"}
{"level":"error","message":"404 - route not found.","service":"admin-service","timestamp":"2024-02-22 05:20:03.572 PM"}
{"level":"error","message":"404 - route not found.","service":"admin-service","timestamp":"2024-02-22 05:20:03.582 PM"}
{"level":"error","message":"404 - route not found.","service":"admin-service","timestamp":"2024-02-22 05:20:03.583 PM"}
{"level":"error","message":"404 - route not found.","service":"admin-service","timestamp":"2024-02-22 05:20:03.583 PM"}
{"level":"error","message":"404 - route not found.","service":"admin-service","timestamp":"2024-02-22 05:20:03.584 PM"}
{"level":"error","message":"404 - route not found.","service":"admin-service","timestamp":"2024-02-22 05:20:03.584 PM"}
{"level":"error","message":"404 - route not found.","service":"admin-service","timestamp":"2024-02-22 05:20:03.588 PM"}
{"level":"error","message":"404 - route not found.","service":"admin-service","timestamp":"2024-02-22 05:20:03.589 PM"}
{"level":"error","message":"404 - route not found.","service":"admin-service","timestamp":"2024-02-22 05:20:03.590 PM"}
{"level":"error","message":"404 - route not found.","service":"admin-service","timestamp":"2024-02-22 05:20:25.730 PM"}
{"level":"error","message":"404 - route not found.","service":"admin-service","timestamp":"2024-02-22 05:20:25.754 PM"}
{"level":"error","message":"404 - route not found.","service":"admin-service","timestamp":"2024-02-22 05:20:25.756 PM"}
{"level":"error","message":"404 - route not found.","service":"admin-service","timestamp":"2024-02-22 05:20:25.758 PM"}
{"level":"error","message":"404 - route not found.","service":"admin-service","timestamp":"2024-02-22 05:20:25.764 PM"}
{"level":"error","message":"404 - route not found.","service":"admin-service","timestamp":"2024-02-22 05:20:25.766 PM"}
{"level":"error","message":"404 - route not found.","service":"admin-service","timestamp":"2024-02-22 05:20:25.767 PM"}
{"level":"error","message":"404 - route not found.","service":"admin-service","timestamp":"2024-02-22 05:20:25.768 PM"}
{"level":"error","message":"404 - route not found.","service":"admin-service","timestamp":"2024-02-22 05:20:25.768 PM"}
{"level":"error","message":"404 - route not found.","service":"admin-service","timestamp":"2024-02-22 05:21:27.373 PM"}
{"level":"error","message":"404 - route not found.","service":"admin-service","timestamp":"2024-02-22 05:21:27.379 PM"}
{"level":"error","message":"404 - route not found.","service":"admin-service","timestamp":"2024-02-22 05:21:27.382 PM"}
{"level":"error","message":"404 - route not found.","service":"admin-service","timestamp":"2024-02-22 05:21:27.385 PM"}
{"level":"error","message":"404 - route not found.","service":"admin-service","timestamp":"2024-02-22 05:21:27.386 PM"}
{"level":"error","message":"404 - route not found.","service":"admin-service","timestamp":"2024-02-22 05:21:27.387 PM"}
{"level":"error","message":"404 - route not found.","service":"admin-service","timestamp":"2024-02-22 05:21:27.388 PM"}
{"level":"error","message":"404 - route not found.","service":"admin-service","timestamp":"2024-02-22 05:21:27.389 PM"}
{"level":"error","message":"404 - route not found.","service":"admin-service","timestamp":"2024-02-22 05:21:27.390 PM"}
{"level":"error","message":"404 - route not found.","service":"admin-service","timestamp":"2024-02-22 05:21:49.653 PM"}
{"level":"error","message":"404 - route not found.","service":"admin-service","timestamp":"2024-02-22 05:21:49.669 PM"}
{"level":"error","message":"404 - route not found.","service":"admin-service","timestamp":"2024-02-22 05:21:49.672 PM"}
{"level":"error","message":"404 - route not found.","service":"admin-service","timestamp":"2024-02-22 05:21:49.676 PM"}
{"level":"error","message":"404 - route not found.","service":"admin-service","timestamp":"2024-02-22 05:21:49.677 PM"}
{"level":"error","message":"404 - route not found.","service":"admin-service","timestamp":"2024-02-22 05:21:49.677 PM"}
{"level":"error","message":"404 - route not found.","service":"admin-service","timestamp":"2024-02-22 05:21:49.678 PM"}
{"level":"error","message":"404 - route not found.","service":"admin-service","timestamp":"2024-02-22 05:21:49.680 PM"}
{"level":"error","message":"404 - route not found.","service":"admin-service","timestamp":"2024-02-22 05:21:49.681 PM"}
{"level":"error","message":"404 - route not found.","service":"admin-service","timestamp":"2024-02-22 05:22:01.478 PM"}
{"level":"error","message":"404 - route not found.","service":"admin-service","timestamp":"2024-02-22 05:22:01.484 PM"}
{"level":"error","message":"404 - route not found.","service":"admin-service","timestamp":"2024-02-22 05:22:01.486 PM"}
{"level":"error","message":"404 - route not found.","service":"admin-service","timestamp":"2024-02-22 05:22:01.495 PM"}
{"level":"error","message":"404 - route not found.","service":"admin-service","timestamp":"2024-02-22 05:22:01.497 PM"}
{"level":"error","message":"404 - route not found.","service":"admin-service","timestamp":"2024-02-22 05:22:01.500 PM"}
{"level":"error","message":"404 - route not found.","service":"admin-service","timestamp":"2024-02-22 05:22:01.501 PM"}
{"level":"error","message":"404 - route not found.","service":"admin-service","timestamp":"2024-02-22 05:22:01.502 PM"}
{"level":"error","message":"404 - route not found.","service":"admin-service","timestamp":"2024-02-22 05:22:01.504 PM"}
{"level":"error","message":"404 - route not found.","service":"admin-service","timestamp":"2024-02-22 05:22:31.113 PM"}
{"level":"error","message":"404 - route not found.","service":"admin-service","timestamp":"2024-02-22 05:22:31.123 PM"}
{"level":"error","message":"404 - route not found.","service":"admin-service","timestamp":"2024-02-22 05:22:31.129 PM"}
{"level":"error","message":"404 - route not found.","service":"admin-service","timestamp":"2024-02-22 05:22:31.132 PM"}
{"level":"error","message":"404 - route not found.","service":"admin-service","timestamp":"2024-02-22 05:22:31.134 PM"}
{"level":"error","message":"404 - route not found.","service":"admin-service","timestamp":"2024-02-22 05:22:31.139 PM"}
{"level":"error","message":"404 - route not found.","service":"admin-service","timestamp":"2024-02-22 05:22:31.140 PM"}
{"level":"error","message":"404 - route not found.","service":"admin-service","timestamp":"2024-02-22 05:22:31.141 PM"}
{"level":"error","message":"404 - route not found.","service":"admin-service","timestamp":"2024-02-22 05:22:31.142 PM"}
{"level":"error","message":"404 - route not found.","service":"admin-service","timestamp":"2024-02-22 05:23:42.998 PM"}
{"level":"error","message":"404 - route not found.","service":"admin-service","timestamp":"2024-02-22 05:23:43.011 PM"}
{"level":"error","message":"404 - route not found.","service":"admin-service","timestamp":"2024-02-22 05:23:43.012 PM"}
{"level":"error","message":"404 - route not found.","service":"admin-service","timestamp":"2024-02-22 05:23:43.013 PM"}
{"level":"error","message":"404 - route not found.","service":"admin-service","timestamp":"2024-02-22 05:23:43.014 PM"}
{"level":"error","message":"404 - route not found.","service":"admin-service","timestamp":"2024-02-22 05:23:43.015 PM"}
{"level":"error","message":"404 - route not found.","service":"admin-service","timestamp":"2024-02-22 05:23:43.023 PM"}
{"level":"error","message":"404 - route not found.","service":"admin-service","timestamp":"2024-02-22 05:23:43.025 PM"}
{"level":"error","message":"404 - route not found.","service":"admin-service","timestamp":"2024-02-22 05:23:43.029 PM"}
{"level":"error","message":"404 - route not found.","service":"admin-service","timestamp":"2024-02-22 05:27:26.520 PM"}
{"level":"error","message":"404 - route not found.","service":"admin-service","timestamp":"2024-02-22 05:27:26.541 PM"}
{"level":"error","message":"404 - route not found.","service":"admin-service","timestamp":"2024-02-22 05:27:26.541 PM"}
{"level":"error","message":"404 - route not found.","service":"admin-service","timestamp":"2024-02-22 05:27:26.546 PM"}
{"level":"error","message":"404 - route not found.","service":"admin-service","timestamp":"2024-02-22 05:27:26.547 PM"}
{"level":"error","message":"404 - route not found.","service":"admin-service","timestamp":"2024-02-22 05:27:26.548 PM"}
{"level":"error","message":"404 - route not found.","service":"admin-service","timestamp":"2024-02-22 05:27:26.548 PM"}
{"level":"error","message":"404 - route not found.","service":"admin-service","timestamp":"2024-02-22 05:27:26.549 PM"}
{"level":"error","message":"404 - route not found.","service":"admin-service","timestamp":"2024-02-22 05:27:26.549 PM"}
{"level":"error","message":"404 - route not found.","service":"admin-service","timestamp":"2024-02-22 05:28:19.334 PM"}
{"level":"error","message":"404 - route not found.","service":"admin-service","timestamp":"2024-02-22 05:28:19.343 PM"}
{"level":"error","message":"404 - route not found.","service":"admin-service","timestamp":"2024-02-22 05:28:19.362 PM"}
{"level":"error","message":"404 - route not found.","service":"admin-service","timestamp":"2024-02-22 05:28:19.364 PM"}
{"level":"error","message":"404 - route not found.","service":"admin-service","timestamp":"2024-02-22 05:28:19.366 PM"}
{"level":"error","message":"404 - route not found.","service":"admin-service","timestamp":"2024-02-22 05:28:19.374 PM"}
{"level":"error","message":"404 - route not found.","service":"admin-service","timestamp":"2024-02-22 05:28:19.375 PM"}
{"level":"error","message":"404 - route not found.","service":"admin-service","timestamp":"2024-02-22 05:28:19.376 PM"}
{"level":"error","message":"404 - route not found.","service":"admin-service","timestamp":"2024-02-22 05:28:19.377 PM"}
{"level":"error","message":"404 - route not found.","service":"admin-service","timestamp":"2024-02-22 05:28:42.775 PM"}
{"level":"error","message":"404 - route not found.","service":"admin-service","timestamp":"2024-02-22 05:28:42.793 PM"}
{"level":"error","message":"404 - route not found.","service":"admin-service","timestamp":"2024-02-22 05:28:42.794 PM"}
{"level":"error","message":"404 - route not found.","service":"admin-service","timestamp":"2024-02-22 05:28:42.795 PM"}
{"level":"error","message":"404 - route not found.","service":"admin-service","timestamp":"2024-02-22 05:28:42.795 PM"}
{"level":"error","message":"404 - route not found.","service":"admin-service","timestamp":"2024-02-22 05:28:42.795 PM"}
{"level":"error","message":"404 - route not found.","service":"admin-service","timestamp":"2024-02-22 05:28:42.801 PM"}
{"level":"error","message":"404 - route not found.","service":"admin-service","timestamp":"2024-02-22 05:28:42.802 PM"}
{"level":"error","message":"404 - route not found.","service":"admin-service","timestamp":"2024-02-22 05:28:42.802 PM"}
{"level":"error","message":"404 - route not found.","service":"admin-service","timestamp":"2024-02-22 05:29:12.948 PM"}
{"level":"error","message":"404 - route not found.","service":"admin-service","timestamp":"2024-02-22 05:29:12.963 PM"}
{"level":"error","message":"404 - route not found.","service":"admin-service","timestamp":"2024-02-22 05:29:12.964 PM"}
{"level":"error","message":"404 - route not found.","service":"admin-service","timestamp":"2024-02-22 05:29:12.966 PM"}
{"level":"error","message":"404 - route not found.","service":"admin-service","timestamp":"2024-02-22 05:29:12.967 PM"}
{"level":"error","message":"404 - route not found.","service":"admin-service","timestamp":"2024-02-22 05:29:12.977 PM"}
{"level":"error","message":"404 - route not found.","service":"admin-service","timestamp":"2024-02-22 05:29:12.982 PM"}
{"level":"error","message":"404 - route not found.","service":"admin-service","timestamp":"2024-02-22 05:29:12.983 PM"}
{"level":"error","message":"404 - route not found.","service":"admin-service","timestamp":"2024-02-22 05:29:12.983 PM"}
{"level":"error","message":"404 - route not found.","service":"admin-service","timestamp":"2024-02-22 05:29:31.116 PM"}
{"level":"error","message":"404 - route not found.","service":"admin-service","timestamp":"2024-02-22 05:29:31.123 PM"}
{"level":"error","message":"404 - route not found.","service":"admin-service","timestamp":"2024-02-22 05:29:31.134 PM"}
{"level":"error","message":"404 - route not found.","service":"admin-service","timestamp":"2024-02-22 05:29:31.135 PM"}
{"level":"error","message":"404 - route not found.","service":"admin-service","timestamp":"2024-02-22 05:29:31.136 PM"}
{"level":"error","message":"404 - route not found.","service":"admin-service","timestamp":"2024-02-22 05:29:31.138 PM"}
{"level":"error","message":"404 - route not found.","service":"admin-service","timestamp":"2024-02-22 05:29:31.139 PM"}
{"level":"error","message":"404 - route not found.","service":"admin-service","timestamp":"2024-02-22 05:29:31.151 PM"}
{"level":"error","message":"404 - route not found.","service":"admin-service","timestamp":"2024-02-22 05:29:31.151 PM"}
{"level":"error","message":"404 - route not found.","service":"admin-service","timestamp":"2024-02-22 05:31:15.491 PM"}
{"level":"error","message":"404 - route not found.","service":"admin-service","timestamp":"2024-02-22 05:31:15.499 PM"}
{"level":"error","message":"404 - route not found.","service":"admin-service","timestamp":"2024-02-22 05:31:15.501 PM"}
{"level":"error","message":"404 - route not found.","service":"admin-service","timestamp":"2024-02-22 05:31:15.509 PM"}
{"level":"error","message":"404 - route not found.","service":"admin-service","timestamp":"2024-02-22 05:31:15.515 PM"}
{"level":"error","message":"404 - route not found.","service":"admin-service","timestamp":"2024-02-22 05:31:15.516 PM"}
{"level":"error","message":"404 - route not found.","service":"admin-service","timestamp":"2024-02-22 05:31:15.516 PM"}
{"level":"error","message":"404 - route not found.","service":"admin-service","timestamp":"2024-02-22 05:31:15.530 PM"}
{"level":"error","message":"404 - route not found.","service":"admin-service","timestamp":"2024-02-22 05:31:15.531 PM"}
{"level":"error","message":"404 - route not found.","service":"admin-service","timestamp":"2024-02-22 05:31:31.109 PM"}
{"level":"error","message":"404 - route not found.","service":"admin-service","timestamp":"2024-02-22 05:31:31.123 PM"}
{"level":"error","message":"404 - route not found.","service":"admin-service","timestamp":"2024-02-22 05:31:31.125 PM"}
{"level":"error","message":"404 - route not found.","service":"admin-service","timestamp":"2024-02-22 05:31:31.127 PM"}
{"level":"error","message":"404 - route not found.","service":"admin-service","timestamp":"2024-02-22 05:31:31.127 PM"}
{"level":"error","message":"404 - route not found.","service":"admin-service","timestamp":"2024-02-22 05:31:31.129 PM"}
{"level":"error","message":"404 - route not found.","service":"admin-service","timestamp":"2024-02-22 05:31:31.130 PM"}
{"level":"error","message":"404 - route not found.","service":"admin-service","timestamp":"2024-02-22 05:31:31.134 PM"}
{"level":"error","message":"404 - route not found.","service":"admin-service","timestamp":"2024-02-22 05:31:31.138 PM"}
{"level":"error","message":"404 - route not found.","service":"admin-service","timestamp":"2024-02-22 05:31:47.845 PM"}
{"level":"error","message":"404 - route not found.","service":"admin-service","timestamp":"2024-02-22 05:31:47.854 PM"}
{"level":"error","message":"404 - route not found.","service":"admin-service","timestamp":"2024-02-22 05:31:47.864 PM"}
{"level":"error","message":"404 - route not found.","service":"admin-service","timestamp":"2024-02-22 05:31:47.864 PM"}
{"level":"error","message":"404 - route not found.","service":"admin-service","timestamp":"2024-02-22 05:31:47.864 PM"}
{"level":"error","message":"404 - route not found.","service":"admin-service","timestamp":"2024-02-22 05:31:47.865 PM"}
{"level":"error","message":"404 - route not found.","service":"admin-service","timestamp":"2024-02-22 05:31:47.865 PM"}
{"level":"error","message":"404 - route not found.","service":"admin-service","timestamp":"2024-02-22 05:31:47.868 PM"}
{"level":"error","message":"404 - route not found.","service":"admin-service","timestamp":"2024-02-22 05:31:47.868 PM"}
{"level":"error","message":"404 - route not found.","service":"admin-service","timestamp":"2024-02-22 05:33:27.824 PM"}
{"level":"error","message":"404 - route not found.","service":"admin-service","timestamp":"2024-02-22 05:33:27.845 PM"}
{"level":"error","message":"404 - route not found.","service":"admin-service","timestamp":"2024-02-22 05:33:27.846 PM"}
{"level":"error","message":"404 - route not found.","service":"admin-service","timestamp":"2024-02-22 05:33:27.846 PM"}
{"level":"error","message":"404 - route not found.","service":"admin-service","timestamp":"2024-02-22 05:33:27.847 PM"}
{"level":"error","message":"404 - route not found.","service":"admin-service","timestamp":"2024-02-22 05:33:27.848 PM"}
{"level":"error","message":"404 - route not found.","service":"admin-service","timestamp":"2024-02-22 05:33:27.855 PM"}
{"level":"error","message":"404 - route not found.","service":"admin-service","timestamp":"2024-02-22 05:33:27.857 PM"}
{"level":"error","message":"404 - route not found.","service":"admin-service","timestamp":"2024-02-22 05:33:27.858 PM"}
{"level":"error","message":"404 - route not found.","service":"admin-service","timestamp":"2024-02-22 05:40:54.841 PM"}
{"level":"error","message":"404 - route not found.","service":"admin-service","timestamp":"2024-02-22 05:40:54.856 PM"}
{"level":"error","message":"404 - route not found.","service":"admin-service","timestamp":"2024-02-22 05:40:54.856 PM"}
{"level":"error","message":"404 - route not found.","service":"admin-service","timestamp":"2024-02-22 05:40:54.857 PM"}
{"level":"error","message":"404 - route not found.","service":"admin-service","timestamp":"2024-02-22 05:40:54.857 PM"}
{"level":"error","message":"404 - route not found.","service":"admin-service","timestamp":"2024-02-22 05:40:54.857 PM"}
{"level":"error","message":"404 - route not found.","service":"admin-service","timestamp":"2024-02-22 05:40:54.857 PM"}
{"level":"error","message":"404 - route not found.","service":"admin-service","timestamp":"2024-02-22 05:40:54.859 PM"}
{"level":"error","message":"404 - route not found.","service":"admin-service","timestamp":"2024-02-22 05:40:54.859 PM"}
{"level":"error","message":"404 - route not found.","service":"admin-service","timestamp":"2024-02-22 05:41:15.246 PM"}
{"level":"error","message":"404 - route not found.","service":"admin-service","timestamp":"2024-02-22 05:41:15.258 PM"}
{"level":"error","message":"404 - route not found.","service":"admin-service","timestamp":"2024-02-22 05:41:15.259 PM"}
{"level":"error","message":"404 - route not found.","service":"admin-service","timestamp":"2024-02-22 05:41:15.259 PM"}
{"level":"error","message":"404 - route not found.","service":"admin-service","timestamp":"2024-02-22 05:41:15.260 PM"}
{"level":"error","message":"404 - route not found.","service":"admin-service","timestamp":"2024-02-22 05:41:15.260 PM"}
{"level":"error","message":"404 - route not found.","service":"admin-service","timestamp":"2024-02-22 05:41:15.261 PM"}
{"level":"error","message":"404 - route not found.","service":"admin-service","timestamp":"2024-02-22 05:41:15.268 PM"}
{"level":"error","message":"404 - route not found.","service":"admin-service","timestamp":"2024-02-22 05:41:15.269 PM"}
{"level":"error","message":"404 - route not found.","service":"admin-service","timestamp":"2024-02-22 05:42:11.780 PM"}
{"level":"error","message":"404 - route not found.","service":"admin-service","timestamp":"2024-02-22 05:42:11.793 PM"}
{"level":"error","message":"404 - route not found.","service":"admin-service","timestamp":"2024-02-22 05:42:11.793 PM"}
{"level":"error","message":"404 - route not found.","service":"admin-service","timestamp":"2024-02-22 05:42:11.794 PM"}
{"level":"error","message":"404 - route not found.","service":"admin-service","timestamp":"2024-02-22 05:42:11.806 PM"}
{"level":"error","message":"404 - route not found.","service":"admin-service","timestamp":"2024-02-22 05:42:11.809 PM"}
{"level":"error","message":"404 - route not found.","service":"admin-service","timestamp":"2024-02-22 05:42:11.810 PM"}
{"level":"error","message":"404 - route not found.","service":"admin-service","timestamp":"2024-02-22 05:42:11.813 PM"}
{"level":"error","message":"404 - route not found.","service":"admin-service","timestamp":"2024-02-22 05:42:11.814 PM"}
{"level":"error","message":"404 - route not found.","service":"admin-service","timestamp":"2024-02-22 05:45:13.029 PM"}
{"level":"error","message":"404 - route not found.","service":"admin-service","timestamp":"2024-02-22 05:45:13.040 PM"}
{"level":"error","message":"404 - route not found.","service":"admin-service","timestamp":"2024-02-22 05:45:13.041 PM"}
{"level":"error","message":"404 - route not found.","service":"admin-service","timestamp":"2024-02-22 05:45:13.042 PM"}
{"level":"error","message":"404 - route not found.","service":"admin-service","timestamp":"2024-02-22 05:45:13.045 PM"}
{"level":"error","message":"404 - route not found.","service":"admin-service","timestamp":"2024-02-22 05:45:13.057 PM"}
{"level":"error","message":"404 - route not found.","service":"admin-service","timestamp":"2024-02-22 05:45:13.071 PM"}
{"level":"error","message":"404 - route not found.","service":"admin-service","timestamp":"2024-02-22 05:45:13.074 PM"}
{"level":"error","message":"404 - route not found.","service":"admin-service","timestamp":"2024-02-22 05:45:13.074 PM"}
{"level":"error","message":"404 - route not found.","service":"admin-service","timestamp":"2024-02-22 05:50:59.485 PM"}
{"level":"error","message":"404 - route not found.","service":"admin-service","timestamp":"2024-02-22 05:51:03.201 PM"}
{"level":"error","message":"404 - route not found.","service":"admin-service","timestamp":"2024-02-22 05:51:03.206 PM"}
{"level":"error","message":"404 - route not found.","service":"admin-service","timestamp":"2024-02-22 05:51:03.223 PM"}
{"level":"error","message":"404 - route not found.","service":"admin-service","timestamp":"2024-02-22 05:51:03.224 PM"}
{"level":"error","message":"404 - route not found.","service":"admin-service","timestamp":"2024-02-22 05:51:03.224 PM"}
{"level":"error","message":"404 - route not found.","service":"admin-service","timestamp":"2024-02-22 05:51:03.226 PM"}
{"level":"error","message":"404 - route not found.","service":"admin-service","timestamp":"2024-02-22 05:51:03.227 PM"}
{"level":"error","message":"404 - route not found.","service":"admin-service","timestamp":"2024-02-22 05:51:03.227 PM"}
{"level":"error","message":"404 - route not found.","service":"admin-service","timestamp":"2024-02-22 05:51:03.229 PM"}
{"level":"error","message":"404 - route not found.","service":"admin-service","timestamp":"2024-02-22 05:51:06.121 PM"}
{"level":"error","message":"404 - route not found.","service":"admin-service","timestamp":"2024-02-22 05:51:06.132 PM"}
{"level":"error","message":"404 - route not found.","service":"admin-service","timestamp":"2024-02-22 05:51:06.133 PM"}
{"level":"error","message":"404 - route not found.","service":"admin-service","timestamp":"2024-02-22 05:51:06.134 PM"}
{"level":"error","message":"404 - route not found.","service":"admin-service","timestamp":"2024-02-22 05:51:06.134 PM"}
{"level":"error","message":"404 - route not found.","service":"admin-service","timestamp":"2024-02-22 05:51:06.136 PM"}
{"level":"error","message":"404 - route not found.","service":"admin-service","timestamp":"2024-02-22 05:51:06.138 PM"}
{"level":"error","message":"404 - route not found.","service":"admin-service","timestamp":"2024-02-22 05:51:06.140 PM"}
{"level":"error","message":"404 - route not found.","service":"admin-service","timestamp":"2024-02-22 05:51:06.143 PM"}
{"level":"error","message":"404 - route not found.","service":"admin-service","timestamp":"2024-02-22 05:51:38.652 PM"}
{"level":"error","message":"404 - route not found.","service":"admin-service","timestamp":"2024-02-22 05:51:38.661 PM"}
{"level":"error","message":"404 - route not found.","service":"admin-service","timestamp":"2024-02-22 05:51:38.666 PM"}
{"level":"error","message":"404 - route not found.","service":"admin-service","timestamp":"2024-02-22 05:51:38.667 PM"}
{"level":"error","message":"404 - route not found.","service":"admin-service","timestamp":"2024-02-22 05:51:38.667 PM"}
{"level":"error","message":"404 - route not found.","service":"admin-service","timestamp":"2024-02-22 05:51:38.668 PM"}
{"level":"error","message":"404 - route not found.","service":"admin-service","timestamp":"2024-02-22 05:51:38.668 PM"}
{"level":"error","message":"404 - route not found.","service":"admin-service","timestamp":"2024-02-22 05:51:38.669 PM"}
{"level":"error","message":"404 - route not found.","service":"admin-service","timestamp":"2024-02-22 05:51:38.669 PM"}
{"level":"error","message":"404 - route not found.","service":"admin-service","timestamp":"2024-02-22 05:52:28.247 PM"}
{"level":"error","message":"404 - route not found.","service":"admin-service","timestamp":"2024-02-22 05:52:28.257 PM"}
{"level":"error","message":"404 - route not found.","service":"admin-service","timestamp":"2024-02-22 05:52:28.257 PM"}
{"level":"error","message":"404 - route not found.","service":"admin-service","timestamp":"2024-02-22 05:52:28.259 PM"}
{"level":"error","message":"404 - route not found.","service":"admin-service","timestamp":"2024-02-22 05:52:28.260 PM"}
{"level":"error","message":"404 - route not found.","service":"admin-service","timestamp":"2024-02-22 05:52:28.264 PM"}
{"level":"error","message":"404 - route not found.","service":"admin-service","timestamp":"2024-02-22 05:52:28.265 PM"}
{"level":"error","message":"404 - route not found.","service":"admin-service","timestamp":"2024-02-22 05:52:28.266 PM"}
{"level":"error","message":"404 - route not found.","service":"admin-service","timestamp":"2024-02-22 05:52:28.267 PM"}
{"level":"error","message":"404 - route not found.","service":"admin-service","timestamp":"2024-02-22 05:53:05.923 PM"}
{"level":"error","message":"404 - route not found.","service":"admin-service","timestamp":"2024-02-22 05:53:05.927 PM"}
{"level":"error","message":"404 - route not found.","service":"admin-service","timestamp":"2024-02-22 05:53:05.929 PM"}
{"level":"error","message":"404 - route not found.","service":"admin-service","timestamp":"2024-02-22 05:53:05.930 PM"}
{"level":"error","message":"404 - route not found.","service":"admin-service","timestamp":"2024-02-22 05:53:05.934 PM"}
{"level":"error","message":"404 - route not found.","service":"admin-service","timestamp":"2024-02-22 05:53:05.935 PM"}
{"level":"error","message":"404 - route not found.","service":"admin-service","timestamp":"2024-02-22 05:53:05.936 PM"}
{"level":"error","message":"404 - route not found.","service":"admin-service","timestamp":"2024-02-22 05:53:05.937 PM"}
{"level":"error","message":"404 - route not found.","service":"admin-service","timestamp":"2024-02-22 05:53:05.937 PM"}
{"level":"error","message":"404 - route not found.","service":"admin-service","timestamp":"2024-02-22 05:53:07.994 PM"}
{"level":"error","message":"404 - route not found.","service":"admin-service","timestamp":"2024-02-22 05:53:08.000 PM"}
{"level":"error","message":"404 - route not found.","service":"admin-service","timestamp":"2024-02-22 05:53:08.001 PM"}
{"level":"error","message":"404 - route not found.","service":"admin-service","timestamp":"2024-02-22 05:53:08.003 PM"}
{"level":"error","message":"404 - route not found.","service":"admin-service","timestamp":"2024-02-22 05:53:08.004 PM"}
{"level":"error","message":"404 - route not found.","service":"admin-service","timestamp":"2024-02-22 05:53:08.006 PM"}
{"level":"error","message":"404 - route not found.","service":"admin-service","timestamp":"2024-02-22 05:53:08.006 PM"}
{"level":"error","message":"404 - route not found.","service":"admin-service","timestamp":"2024-02-22 05:53:08.006 PM"}
{"level":"error","message":"404 - route not found.","service":"admin-service","timestamp":"2024-02-22 05:53:08.007 PM"}
{"level":"error","message":"404 - route not found.","service":"admin-service","timestamp":"2024-02-22 05:53:10.174 PM"}
{"level":"error","message":"404 - route not found.","service":"admin-service","timestamp":"2024-02-22 05:53:34.093 PM"}
{"level":"error","message":"404 - route not found.","service":"admin-service","timestamp":"2024-02-22 05:53:34.101 PM"}
{"level":"error","message":"404 - route not found.","service":"admin-service","timestamp":"2024-02-22 05:53:34.104 PM"}
{"level":"error","message":"404 - route not found.","service":"admin-service","timestamp":"2024-02-22 05:53:34.106 PM"}
{"level":"error","message":"404 - route not found.","service":"admin-service","timestamp":"2024-02-22 05:53:34.107 PM"}
{"level":"error","message":"404 - route not found.","service":"admin-service","timestamp":"2024-02-22 05:53:34.108 PM"}
{"level":"error","message":"404 - route not found.","service":"admin-service","timestamp":"2024-02-22 05:53:34.109 PM"}
{"level":"error","message":"404 - route not found.","service":"admin-service","timestamp":"2024-02-22 05:53:34.110 PM"}
{"level":"error","message":"404 - route not found.","service":"admin-service","timestamp":"2024-02-22 05:53:34.111 PM"}
{"level":"error","message":"404 - route not found.","service":"admin-service","timestamp":"2024-02-22 05:54:49.386 PM"}
{"level":"error","message":"404 - route not found.","service":"admin-service","timestamp":"2024-02-22 05:54:49.393 PM"}
{"level":"error","message":"404 - route not found.","service":"admin-service","timestamp":"2024-02-22 05:54:49.395 PM"}
{"level":"error","message":"404 - route not found.","service":"admin-service","timestamp":"2024-02-22 05:54:49.396 PM"}
{"level":"error","message":"404 - route not found.","service":"admin-service","timestamp":"2024-02-22 05:54:49.398 PM"}
{"level":"error","message":"404 - route not found.","service":"admin-service","timestamp":"2024-02-22 05:54:49.399 PM"}
{"level":"error","message":"404 - route not found.","service":"admin-service","timestamp":"2024-02-22 05:54:49.400 PM"}
{"level":"error","message":"404 - route not found.","service":"admin-service","timestamp":"2024-02-22 05:54:49.403 PM"}
{"level":"error","message":"404 - route not found.","service":"admin-service","timestamp":"2024-02-22 05:54:49.410 PM"}
{"level":"error","message":"404 - route not found.","service":"admin-service","timestamp":"2024-02-22 05:54:51.018 PM"}
{"level":"error","message":"404 - route not found.","service":"admin-service","timestamp":"2024-02-22 05:54:51.022 PM"}
{"level":"error","message":"404 - route not found.","service":"admin-service","timestamp":"2024-02-22 05:54:51.025 PM"}
{"level":"error","message":"404 - route not found.","service":"admin-service","timestamp":"2024-02-22 05:54:51.028 PM"}
{"level":"error","message":"404 - route not found.","service":"admin-service","timestamp":"2024-02-22 05:54:51.029 PM"}
{"level":"error","message":"404 - route not found.","service":"admin-service","timestamp":"2024-02-22 05:54:51.029 PM"}
{"level":"error","message":"404 - route not found.","service":"admin-service","timestamp":"2024-02-22 05:54:51.030 PM"}
{"level":"error","message":"404 - route not found.","service":"admin-service","timestamp":"2024-02-22 05:54:51.031 PM"}
{"level":"error","message":"404 - route not found.","service":"admin-service","timestamp":"2024-02-22 05:54:51.031 PM"}
{"level":"error","message":"404 - route not found.","service":"admin-service","timestamp":"2024-02-22 05:54:51.165 PM"}
{"level":"error","message":"404 - route not found.","service":"admin-service","timestamp":"2024-02-22 05:54:51.171 PM"}
{"level":"error","message":"404 - route not found.","service":"admin-service","timestamp":"2024-02-22 05:54:51.172 PM"}
{"level":"error","message":"404 - route not found.","service":"admin-service","timestamp":"2024-02-22 05:54:51.172 PM"}
{"level":"error","message":"404 - route not found.","service":"admin-service","timestamp":"2024-02-22 05:54:51.173 PM"}
{"level":"error","message":"404 - route not found.","service":"admin-service","timestamp":"2024-02-22 05:54:51.174 PM"}
{"level":"error","message":"404 - route not found.","service":"admin-service","timestamp":"2024-02-22 05:54:51.175 PM"}
{"level":"error","message":"404 - route not found.","service":"admin-service","timestamp":"2024-02-22 05:54:51.176 PM"}
{"level":"error","message":"404 - route not found.","service":"admin-service","timestamp":"2024-02-22 05:54:51.177 PM"}
{"level":"info","message":"A new log file was created: logs/2024-02-22/combined-2024-02-22.log","service":"admin-service","timestamp":"2024-02-22 06:00:57.669 PM"}
{"level":"info","message":"Server is listening on port 8081","service":"admin-service","timestamp":"2024-02-22 06:00:57.671 PM"}
{"level":"info","message":"Page Requested: GET /pages/index","service":"admin-service","timestamp":"2024-02-22 06:01:05.998 PM"}
{"level":"error","message":"404 - route not found.","service":"admin-service","timestamp":"2024-02-22 06:03:18.395 PM"}
{"level":"error","message":"404 - route not found.","service":"admin-service","timestamp":"2024-02-22 06:03:39.999 PM"}
{"level":"info","message":"Page Requested: GET /pages/index","service":"admin-service","timestamp":"2024-02-22 06:11:24.595 PM"}
{"level":"info","message":"Page Requested: GET /pages/index","service":"admin-service","timestamp":"2024-02-22 06:11:53.130 PM"}
{"level":"info","message":"Page Requested: GET /pages/index","service":"admin-service","timestamp":"2024-02-22 06:11:56.070 PM"}
{"level":"info","message":"Page Requested: GET /pages/index","service":"admin-service","timestamp":"2024-02-22 06:12:17.697 PM"}
{"level":"info","message":"Page Requested: GET /pages/index","service":"admin-service","timestamp":"2024-02-22 06:13:30.545 PM"}
{"level":"info","message":"Page Requested: GET /pages/index","service":"admin-service","timestamp":"2024-02-22 06:13:50.681 PM"}
{"level":"info","message":"Page Requested: GET /pages/index","service":"admin-service","timestamp":"2024-02-22 06:16:52.257 PM"}
{"level":"info","message":"Page Requested: GET /pages/index","service":"admin-service","timestamp":"2024-02-22 06:17:08.913 PM"}
{"level":"info","message":"Page Requested: GET /pages/index","service":"admin-service","timestamp":"2024-02-22 06:18:29.424 PM"}
{"level":"info","message":"Page Requested: GET /pages/index","service":"admin-service","timestamp":"2024-02-22 06:18:37.841 PM"}
{"level":"info","message":"Page Requested: GET /pages/index","service":"admin-service","timestamp":"2024-02-22 06:19:00.898 PM"}
{"level":"info","message":"Page Requested: GET /pages/index","service":"admin-service","timestamp":"2024-02-22 06:19:27.249 PM"}
{"level":"info","message":"Page Requested: GET /pages/index","service":"admin-service","timestamp":"2024-02-22 06:22:46.105 PM"}
{"level":"info","message":"Page Requested: GET /pages/index","service":"admin-service","timestamp":"2024-02-22 06:22:53.529 PM"}
{"level":"info","message":"Page Requested: GET /pages/index","service":"admin-service","timestamp":"2024-02-22 06:23:07.031 PM"}
{"level":"info","message":"Page Requested: GET /pages/index","service":"admin-service","timestamp":"2024-02-22 06:23:30.801 PM"}
{"level":"info","message":"Page Requested: GET /pages/index","service":"admin-service","timestamp":"2024-02-22 06:23:46.831 PM"}
{"level":"info","message":"Page Requested: GET /pages/index","service":"admin-service","timestamp":"2024-02-22 06:24:22.468 PM"}
{"level":"info","message":"Page Requested: GET /pages/index","service":"admin-service","timestamp":"2024-02-22 06:25:32.364 PM"}
{"level":"info","message":"Page Requested: GET /pages/index","service":"admin-service","timestamp":"2024-02-22 06:27:42.968 PM"}
{"level":"info","message":"Page Requested: GET /pages/index","service":"admin-service","timestamp":"2024-02-22 06:29:01.356 PM"}
{"level":"info","message":"Page Requested: GET /pages/index","service":"admin-service","timestamp":"2024-02-22 06:29:14.149 PM"}
{"level":"info","message":"Page Requested: GET /pages/index","service":"admin-service","timestamp":"2024-02-22 06:29:29.016 PM"}
{"level":"info","message":"Page Requested: GET /pages/index","service":"admin-service","timestamp":"2024-02-22 06:29:47.998 PM"}
{"level":"info","message":"Page Requested: GET /pages/index","service":"admin-service","timestamp":"2024-02-22 06:30:14.803 PM"}
{"level":"info","message":"Page Requested: GET /pages/index","service":"admin-service","timestamp":"2024-02-22 06:30:40.597 PM"}
{"level":"info","message":"Page Requested: GET /pages/index","service":"admin-service","timestamp":"2024-02-22 06:30:54.599 PM"}
{"level":"info","message":"Page Requested: GET /pages/index","service":"admin-service","timestamp":"2024-02-22 06:31:07.150 PM"}
{"level":"info","message":"Page Requested: GET /pages/index","service":"admin-service","timestamp":"2024-02-22 06:32:01.750 PM"}
{"level":"info","message":"Page Requested: GET /pages/index","service":"admin-service","timestamp":"2024-02-22 06:33:48.058 PM"}
{"level":"info","message":"Page Requested: GET /pages/index","service":"admin-service","timestamp":"2024-02-22 06:34:20.902 PM"}
{"level":"info","message":"Page Requested: GET /pages/index","service":"admin-service","timestamp":"2024-02-22 06:34:24.410 PM"}
{"level":"info","message":"Page Requested: GET /pages/index","service":"admin-service","timestamp":"2024-02-22 06:34:25.479 PM"}
{"level":"info","message":"Page Requested: GET /pages/index","service":"admin-service","timestamp":"2024-02-22 06:34:44.063 PM"}
{"level":"info","message":"Page Requested: GET /pages/index","service":"admin-service","timestamp":"2024-02-22 06:35:09.265 PM"}
{"level":"info","message":"Page Requested: GET /pages/index","service":"admin-service","timestamp":"2024-02-22 06:35:11.744 PM"}
{"level":"info","message":"Page Requested: GET /pages/index","service":"admin-service","timestamp":"2024-02-22 06:35:40.300 PM"}
{"level":"info","message":"Page Requested: GET /pages/about","service":"admin-service","timestamp":"2024-02-22 06:35:42.983 PM"}
{"level":"info","message":"Page Requested: GET /pages/index","service":"admin-service","timestamp":"2024-02-22 06:38:49.619 PM"}
{"level":"info","message":"Page Requested: GET /pages/index","service":"admin-service","timestamp":"2024-02-22 06:39:32.392 PM"}
{"level":"info","message":"Page Requested: GET /pages/index","service":"admin-service","timestamp":"2024-02-22 06:40:13.102 PM"}
{"level":"info","message":"Page Requested: GET /pages/about","service":"admin-service","timestamp":"2024-02-22 06:40:15.025 PM"}
{"level":"info","message":"Page Requested: GET /pages/index","service":"admin-service","timestamp":"2024-02-22 06:40:19.343 PM"}
{"level":"info","message":"Page Requested: GET /pages/index","service":"admin-service","timestamp":"2024-02-22 06:43:35.116 PM"}
{"level":"info","message":"Page Requested: GET /pages/index","service":"admin-service","timestamp":"2024-02-22 06:43:55.609 PM"}
{"level":"info","message":"Page Requested: GET /pages/index","service":"admin-service","timestamp":"2024-02-22 06:43:56.453 PM"}
{"level":"error","message":"404 - route not found.","service":"admin-service","timestamp":"2024-02-22 06:44:14.201 PM"}
{"level":"info","message":"Page Requested: GET /pages/index","service":"admin-service","timestamp":"2024-02-22 06:45:30.449 PM"}
{"level":"info","message":"Page Requested: GET /pages/index","service":"admin-service","timestamp":"2024-02-22 06:47:24.050 PM"}
{"level":"info","message":"Page Requested: GET /pages/index","service":"admin-service","timestamp":"2024-02-22 06:47:51.268 PM"}
{"level":"info","message":"Page Requested: GET /pages/index","service":"admin-service","timestamp":"2024-02-22 06:52:48.980 PM"}
{"level":"info","message":"Page Requested: GET /pages/index","service":"admin-service","timestamp":"2024-02-22 06:54:39.758 PM"}
{"level":"info","message":"Page Requested: GET /pages/index","service":"admin-service","timestamp":"2024-02-22 06:55:13.150 PM"}
{"level":"info","message":"Page Requested: GET /pages/index","service":"admin-service","timestamp":"2024-02-22 06:59:33.746 PM"}
{"level":"info","message":"Page Requested: GET /pages/index","service":"admin-service","timestamp":"2024-02-22 06:59:57.857 PM"}
{"level":"info","message":"Page Requested: GET /pages/index","service":"admin-service","timestamp":"2024-02-22 10:00:08.148 PM"}
{"level":"info","message":"Page Requested: GET /pages/index","service":"admin-service","timestamp":"2024-02-22 10:00:30.904 PM"}
{"level":"info","message":"Page Requested: GET /pages/index","service":"admin-service","timestamp":"2024-02-22 10:00:32.361 PM"}
{"level":"info","message":"Page Requested: GET /pages/index","service":"admin-service","timestamp":"2024-02-22 10:00:33.223 PM"}
{"level":"info","message":"Page Requested: GET /pages/index","service":"admin-service","timestamp":"2024-02-22 10:19:35.763 PM"}
{"level":"info","message":"Page Requested: GET /pages/index","service":"admin-service","timestamp":"2024-02-22 10:20:16.652 PM"}
{"level":"info","message":"Page Requested: GET /pages/index","service":"admin-service","timestamp":"2024-02-22 10:27:16.433 PM"}
{"level":"info","message":"Page Requested: GET /pages/index","service":"admin-service","timestamp":"2024-02-22 10:32:18.751 PM"}
{"level":"info","message":"Page Requested: GET /pages/index","service":"admin-service","timestamp":"2024-02-22 10:32:25.065 PM"}
{"level":"info","message":"Page Requested: GET /pages/index","service":"admin-service","timestamp":"2024-02-22 10:33:11.221 PM"}
{"level":"info","message":"Page Requested: GET /pages/index","service":"admin-service","timestamp":"2024-02-22 10:33:39.735 PM"}
{"level":"info","message":"Page Requested: GET /pages/index","service":"admin-service","timestamp":"2024-02-22 10:34:03.718 PM"}
{"level":"info","message":"Page Requested: GET /pages/index","service":"admin-service","timestamp":"2024-02-22 10:42:48.762 PM"}
{"level":"info","message":"Page Requested: GET /pages/index","service":"admin-service","timestamp":"2024-02-22 10:43:13.465 PM"}
{"level":"info","message":"Page Requested: GET /pages/index","service":"admin-service","timestamp":"2024-02-22 10:43:32.169 PM"}
{"level":"info","message":"Page Requested: GET /pages/index","service":"admin-service","timestamp":"2024-02-22 10:44:12.601 PM"}
{"level":"info","message":"Page Requested: GET /pages/index","service":"admin-service","timestamp":"2024-02-22 10:45:15.352 PM"}
{"level":"info","message":"Page Requested: GET /pages/index","service":"admin-service","timestamp":"2024-02-22 10:45:30.133 PM"}
{"level":"info","message":"A new log file was created: logs/2024-02-22/combined-2024-02-22.log","service":"admin-service","timestamp":"2024-02-22 10:45:40.363 PM"}
{"level":"info","message":"Server is listening on port 8081","service":"admin-service","timestamp":"2024-02-22 10:45:40.365 PM"}
{"level":"info","message":"Page Requested: GET /pages/index","service":"admin-service","timestamp":"2024-02-22 10:45:44.395 PM"}
{"level":"info","message":"Page Requested: GET /pages/index","service":"admin-service","timestamp":"2024-02-22 10:46:42.286 PM"}
{"level":"info","message":"Page Requested: GET /pages/index","service":"admin-service","timestamp":"2024-02-22 10:47:17.097 PM"}
{"level":"info","message":"Page Requested: GET /pages/index","service":"admin-service","timestamp":"2024-02-22 10:48:11.886 PM"}
{"level":"info","message":"Page Requested: GET /pages/index","service":"admin-service","timestamp":"2024-02-22 10:48:23.699 PM"}
{"level":"info","message":"Page Requested: GET /pages/index","service":"admin-service","timestamp":"2024-02-22 10:50:41.022 PM"}
{"level":"info","message":"Page Requested: GET /pages/index","service":"admin-service","timestamp":"2024-02-22 10:51:53.207 PM"}
{"level":"info","message":"Page Requested: GET /pages/index","service":"admin-service","timestamp":"2024-02-22 10:51:54.809 PM"}
{"level":"info","message":"Page Requested: GET /pages/index","service":"admin-service","timestamp":"2024-02-22 10:51:55.952 PM"}
{"level":"info","message":"Page Requested: GET /pages/index","service":"admin-service","timestamp":"2024-02-22 10:52:17.543 PM"}
{"level":"info","message":"Page Requested: GET /pages/index","service":"admin-service","timestamp":"2024-02-22 10:52:18.786 PM"}
{"level":"info","message":"Page Requested: GET /pages/index","service":"admin-service","timestamp":"2024-02-22 10:55:57.315 PM"}
{"level":"info","message":"Page Requested: GET /pages/index","service":"admin-service","timestamp":"2024-02-22 10:58:04.887 PM"}
{"level":"info","message":"Page Requested: GET /pages/index","service":"admin-service","timestamp":"2024-02-22 10:59:21.130 PM"}
{"level":"info","message":"Page Requested: GET /pages/index","service":"admin-service","timestamp":"2024-02-22 11:01:06.996 PM"}
{"level":"info","message":"Page Requested: GET /pages/index","service":"admin-service","timestamp":"2024-02-22 11:02:17.742 PM"}
{"level":"info","message":"Page Requested: GET /pages/index","service":"admin-service","timestamp":"2024-02-22 11:02:18.463 PM"}
{"level":"info","message":"Page Requested: GET /pages/index","service":"admin-service","timestamp":"2024-02-22 11:04:55.601 PM"}
{"level":"info","message":"Page Requested: GET /pages/index","service":"admin-service","timestamp":"2024-02-22 11:05:26.831 PM"}
{"level":"info","message":"Page Requested: GET /pages/index","service":"admin-service","timestamp":"2024-02-22 11:05:33.042 PM"}
{"level":"info","message":"Page Requested: GET /pages/index","service":"admin-service","timestamp":"2024-02-22 11:05:42.003 PM"}
{"level":"info","message":"Page Requested: GET /pages/index","service":"admin-service","timestamp":"2024-02-22 11:06:09.959 PM"}
{"level":"info","message":"Page Requested: GET /pages/index","service":"admin-service","timestamp":"2024-02-22 11:06:59.069 PM"}
{"level":"info","message":"Page Requested: GET /pages/index","service":"admin-service","timestamp":"2024-02-22 11:07:15.856 PM"}
{"level":"info","message":"Page Requested: GET /pages/index","service":"admin-service","timestamp":"2024-02-22 11:07:32.070 PM"}
{"level":"info","message":"Page Requested: GET /pages/index","service":"admin-service","timestamp":"2024-02-22 11:10:04.778 PM"}
{"level":"info","message":"Page Requested: GET /pages/index","service":"admin-service","timestamp":"2024-02-22 11:10:29.209 PM"}
{"level":"info","message":"Page Requested: GET /pages/index","service":"admin-service","timestamp":"2024-02-22 11:11:18.312 PM"}
{"level":"info","message":"Page Requested: GET /pages/index","service":"admin-service","timestamp":"2024-02-22 11:12:01.746 PM"}
{"level":"info","message":"Page Requested: GET /pages/index","service":"admin-service","timestamp":"2024-02-22 11:13:03.777 PM"}
{"level":"info","message":"Page Requested: GET /pages/index","service":"admin-service","timestamp":"2024-02-22 11:13:58.505 PM"}
{"level":"info","message":"Page Requested: GET /pages/index","service":"admin-service","timestamp":"2024-02-22 11:14:32.312 PM"}
{"level":"info","message":"Page Requested: GET /pages/index","service":"admin-service","timestamp":"2024-02-22 11:15:14.878 PM"}
{"level":"info","message":"Page Requested: GET /pages/index","service":"admin-service","timestamp":"2024-02-22 11:15:37.194 PM"}
{"level":"info","message":"Page Requested: GET /pages/index","service":"admin-service","timestamp":"2024-02-22 11:16:04.524 PM"}
{"level":"info","message":"Page Requested: GET /pages/index","service":"admin-service","timestamp":"2024-02-22 11:16:16.995 PM"}
{"level":"info","message":"Page Requested: GET /pages/index","service":"admin-service","timestamp":"2024-02-22 11:16:38.304 PM"}
{"level":"info","message":"Page Requested: GET /pages/index","service":"admin-service","timestamp":"2024-02-22 11:16:56.493 PM"}
{"level":"info","message":"Page Requested: GET /pages/index","service":"admin-service","timestamp":"2024-02-22 11:17:07.276 PM"}
{"level":"info","message":"Page Requested: GET /pages/index","service":"admin-service","timestamp":"2024-02-22 11:17:30.631 PM"}
{"level":"info","message":"Page Requested: GET /pages/index","service":"admin-service","timestamp":"2024-02-22 11:18:09.986 PM"}
{"level":"info","message":"Page Requested: GET /pages/index","service":"admin-service","timestamp":"2024-02-22 11:18:21.024 PM"}
{"level":"info","message":"Page Requested: GET /pages/index","service":"admin-service","timestamp":"2024-02-22 11:18:30.677 PM"}
{"level":"info","message":"Page Requested: GET /pages/index","service":"admin-service","timestamp":"2024-02-22 11:18:54.992 PM"}
{"level":"info","message":"Page Requested: GET /pages/index","service":"admin-service","timestamp":"2024-02-22 11:19:49.159 PM"}
{"level":"info","message":"Page Requested: GET /pages/index","service":"admin-service","timestamp":"2024-02-22 11:20:50.144 PM"}
{"level":"error","message":"404 - route not found.","service":"admin-service","timestamp":"2024-02-22 11:40:53.436 PM"}
{"level":"error","message":"404 - route not found.","service":"admin-service","timestamp":"2024-02-22 11:41:43.026 PM"}
