[40m2024-02-28 07:15:55.057 AM info: [32mThis is an information message.[39m[49m
[40m2024-02-28 07:15:55.058 AM warn: [35mThis is a warning message.[39m[49m
[40m2024-02-28 07:15:55.059 AM error: [31mThis is an error message.[39m[49m
[40m2024-02-28 07:15:55.082 AM info: [32mA new log file was created: logs/2024-02-28/combined-2024-02-28.log[39m[49m
[40m2024-02-28 07:15:55.083 AM info: [32mServer is listening on port 8081[39m[49m
[40m2024-02-28 07:16:05.058 AM error: [31mError fetching products: [39m[49m
[40m2024-02-28 07:16:09.540 AM info: [32mPage Requested: GET /pages/account[39m[49m
[40m2024-02-28 07:16:17.613 AM info: [32mPage Requested: GET /pages/account[39m[49m
[40m2024-02-28 07:16:18.623 AM info: [32mPage Requested: GET /pages/account[39m[49m
[40m2024-02-28 04:58:21.545 PM info: [32mPage Requested: GET /pages/account[39m[49m
[40m2024-02-28 05:03:35.308 PM info: [32mPage Requested: GET /pages/account[39m[49m
[40m2024-02-28 05:03:35.387 PM error: [31m404 - route not found.[39m[49m
[40m2024-02-28 05:09:48.794 PM info: [32mPage Requested: GET /pages/account[39m[49m
[40m2024-02-28 05:09:48.894 PM error: [31m404 - route not found.[39m[49m
[40m2024-02-28 05:09:48.907 PM error: [31m404 - route not found.[39m[49m
[40m2024-02-28 05:11:34.264 PM info: [32mPage Requested: GET /pages/account[39m[49m
[40m2024-02-28 05:11:34.343 PM error: [31m404 - route not found.[39m[49m
[40m2024-02-28 05:11:34.352 PM error: [31m404 - route not found.[39m[49m
[40m2024-02-28 05:12:48.244 PM info: [32mPage Requested: GET /pages/account[39m[49m
[40m2024-02-28 05:12:48.270 PM error: [31m404 - route not found.[39m[49m
[40m2024-02-28 05:12:48.280 PM error: [31m404 - route not found.[39m[49m
[40m2024-02-28 05:13:59.516 PM info: [32mPage Requested: GET /pages/account[39m[49m
[40m2024-02-28 05:13:59.557 PM error: [31m404 - route not found.[39m[49m
[40m2024-02-28 05:13:59.561 PM error: [31m404 - route not found.[39m[49m
[40m2024-02-28 05:14:02.175 PM info: [32mPage Requested: GET /pages/account[39m[49m
[40m2024-02-28 05:14:02.193 PM error: [31m404 - route not found.[39m[49m
[40m2024-02-28 05:16:42.380 PM info: [32mPage Requested: GET /pages/account[39m[49m
[40m2024-02-28 05:16:50.094 PM info: [32mPage Requested: GET /pages/account[39m[49m
[40m2024-02-28 05:17:27.494 PM info: [32mPage Requested: GET /pages/account[39m[49m
[40m2024-02-28 05:17:37.964 PM error: [31m404 - route not found.[39m[49m
[40m2024-02-28 05:19:07.327 PM info: [32mPage Requested: GET /pages/account[39m[49m
[40m2024-02-28 05:19:10.751 PM info: [32mPage Requested: GET /pages/account[39m[49m
[40m2024-02-28 05:21:17.557 PM info: [32mPage Requested: GET /pages/account[39m[49m
[40m2024-02-28 05:21:19.255 PM error: [31m404 - route not found.[39m[49m
[40m2024-02-28 05:24:13.779 PM info: [32mThis is an information message.[39m[49m
[40m2024-02-28 05:24:13.781 PM warn: [35mThis is a warning message.[39m[49m
[40m2024-02-28 05:24:13.781 PM error: [31mThis is an error message.[39m[49m
[40m2024-02-28 05:24:13.804 PM info: [32mA new log file was created: logs/2024-02-28/combined-2024-02-28.log[39m[49m
[40m2024-02-28 05:24:13.805 PM info: [32mServer is listening on port 8081[39m[49m
[40m2024-02-28 05:24:17.418 PM error: [31m404 - route not found.[39m[49m
[40m2024-02-28 05:24:19.044 PM error: [31m404 - route not found.[39m[49m
[40m2024-02-28 05:24:22.493 PM info: [32mPage Requested: GET /pages/accounthome[39m[49m
[40m2024-02-28 05:24:22.530 PM error: [31m404 - route not found.[39m[49m
[40m2024-02-28 05:24:22.531 PM error: [31m404 - route not found.[39m[49m
[40m2024-02-28 05:24:22.531 PM error: [31m404 - route not found.[39m[49m
[40m2024-02-28 05:28:35.833 PM error: [31m404 - route not found.[39m[49m
[40m2024-02-28 05:28:38.014 PM error: [31m404 - route not found.[39m[49m
[40m2024-02-28 05:28:38.985 PM error: [31m404 - route not found.[39m[49m
[40m2024-02-28 05:28:42.960 PM info: [32mPage Requested: GET /pages/about[39m[49m
[40m2024-02-28 05:28:45.276 PM error: [31m404 - route not found.[39m[49m
[40m2024-02-28 05:29:24.337 PM info: [32mThis is an information message.[39m[49m
[40m2024-02-28 05:29:24.339 PM warn: [35mThis is a warning message.[39m[49m
[40m2024-02-28 05:29:24.339 PM error: [31mThis is an error message.[39m[49m
[40m2024-02-28 05:29:24.357 PM info: [32mA new log file was created: logs/2024-02-28/combined-2024-02-28.log[39m[49m
[40m2024-02-28 05:29:24.358 PM info: [32mServer is listening on port 8081[39m[49m
[40m2024-02-28 05:29:29.011 PM error: [31m404 - route not found.[39m[49m
[40m2024-02-28 05:29:29.549 PM error: [31m404 - route not found.[39m[49m
[40m2024-02-28 05:29:29.797 PM error: [31m404 - route not found.[39m[49m
[40m2024-02-28 05:29:29.996 PM error: [31m404 - route not found.[39m[49m
[40m2024-02-28 05:29:36.087 PM error: [31m404 - route not found.[39m[49m
[40m2024-02-28 05:29:38.534 PM info: [32mPage Requested: GET /pages/about[39m[49m
[40m2024-02-28 05:29:41.417 PM info: [32mPage Requested: GET /pages/checkout[39m[49m
[40m2024-02-28 05:29:50.301 PM error: [31m404 - route not found.[39m[49m
[40m2024-02-28 05:31:05.471 PM info: [32mPage Requested: GET /pages/checkout[39m[49m
[40m2024-02-28 05:31:06.761 PM error: [31m404 - route not found.[39m[49m
[40m2024-02-28 05:31:08.760 PM error: [31m404 - route not found.[39m[49m
[40m2024-02-28 05:31:10.931 PM error: [31m404 - route not found.[39m[49m
[40m2024-02-28 05:32:41.997 PM error: [31m404 - route not found.[39m[49m
[40m2024-02-28 05:32:42.570 PM error: [31m404 - route not found.[39m[49m
[40m2024-02-28 05:32:42.971 PM error: [31m404 - route not found.[39m[49m
[40m2024-02-28 05:32:43.186 PM error: [31m404 - route not found.[39m[49m
[40m2024-02-28 05:32:43.367 PM error: [31m404 - route not found.[39m[49m
[40m2024-02-28 05:32:43.555 PM error: [31m404 - route not found.[39m[49m
[40m2024-02-28 05:32:43.738 PM error: [31m404 - route not found.[39m[49m
[40m2024-02-28 05:32:43.938 PM error: [31m404 - route not found.[39m[49m
[40m2024-02-28 05:33:58.803 PM info: [32mThis is an information message.[39m[49m
[40m2024-02-28 05:33:58.806 PM warn: [35mThis is a warning message.[39m[49m
[40m2024-02-28 05:33:58.807 PM error: [31mThis is an error message.[39m[49m
[40m2024-02-28 05:33:58.827 PM info: [32mA new log file was created: logs/2024-02-28/combined-2024-02-28.log[39m[49m
[40m2024-02-28 05:33:58.828 PM info: [32mServer is listening on port 8081[39m[49m
[40m2024-02-28 05:34:03.144 PM info: [32mPage Requested: GET /pages/checkout[39m[49m
[40m2024-02-28 05:34:05.012 PM info: [32mPage Requested: GET /pages/account[39m[49m
[40m2024-02-28 05:35:09.046 PM info: [32mPage Requested: GET /pages/account[39m[49m
[40m2024-02-28 05:35:55.894 PM info: [32mPage Requested: GET /pages/contact[39m[49m
[40m2024-02-28 05:36:16.607 PM info: [32mPage Requested: GET /pages/account[39m[49m
[40m2024-02-28 05:43:17.055 PM info: [32mPage Requested: GET /pages/account[39m[49m
[40m2024-02-28 05:46:02.189 PM info: [32mThis is an information message.[39m[49m
[40m2024-02-28 05:46:02.190 PM warn: [35mThis is a warning message.[39m[49m
[40m2024-02-28 05:46:02.191 PM error: [31mThis is an error message.[39m[49m
[40m2024-02-28 05:46:02.213 PM info: [32mA new log file was created: logs/2024-02-28/combined-2024-02-28.log[39m[49m
[40m2024-02-28 05:46:02.214 PM info: [32mServer is listening on port 8081[39m[49m
[40m2024-02-28 05:46:05.340 PM info: [32mPage Requested: GET /pages/account[39m[49m
[40m2024-02-28 05:46:34.221 PM info: [32mPage Requested: GET /pages/account?username=janeil[39m[49m
[40m2024-02-28 05:49:24.956 PM info: [32mPage Requested: GET /pages/account?username=janeil[39m[49m
[40m2024-02-28 05:50:59.313 PM info: [32mPage Requested: GET /pages/account?username=janeil[39m[49m
[40m2024-02-28 05:51:28.678 PM info: [32mPage Requested: GET /pages/account?username=janeil[39m[49m
[40m2024-02-28 05:51:56.527 PM info: [32mPage Requested: GET /pages/checkout[39m[49m
[40m2024-02-28 05:52:03.406 PM info: [32mPage Requested: GET /pages/account[39m[49m
[40m2024-02-28 05:52:43.811 PM info: [32mPage Requested: GET /pages/account[39m[49m
[40m2024-02-28 05:54:57.281 PM info: [32mPage Requested: GET /pages/account[39m[49m
[40m2024-02-28 05:55:33.108 PM info: [32mPage Requested: GET /pages/account[39m[49m
[40m2024-02-28 05:57:07.040 PM info: [32mPage Requested: GET /pages/account[39m[49m
[40m2024-02-28 05:57:53.922 PM info: [32mPage Requested: GET /pages/account[39m[49m
[40m2024-02-28 05:57:56.365 PM info: [32mPage Requested: GET /pages/account[39m[49m
[40m2024-02-28 05:58:43.554 PM info: [32mPage Requested: GET /pages/account[39m[49m
[40m2024-02-28 05:58:44.267 PM info: [32mPage Requested: GET /pages/account[39m[49m
[40m2024-02-28 05:58:44.564 PM info: [32mPage Requested: GET /pages/account[39m[49m
[40m2024-02-28 05:58:44.729 PM info: [32mPage Requested: GET /pages/account[39m[49m
[40m2024-02-28 05:58:44.912 PM info: [32mPage Requested: GET /pages/account[39m[49m
[40m2024-02-28 05:58:45.111 PM info: [32mPage Requested: GET /pages/account[39m[49m
[40m2024-02-28 05:58:45.316 PM info: [32mPage Requested: GET /pages/account[39m[49m
[40m2024-02-28 05:58:55.609 PM info: [32mThis is an information message.[39m[49m
[40m2024-02-28 05:58:55.611 PM warn: [35mThis is a warning message.[39m[49m
[40m2024-02-28 05:58:55.611 PM error: [31mThis is an error message.[39m[49m
[40m2024-02-28 05:58:55.631 PM info: [32mA new log file was created: logs/2024-02-28/combined-2024-02-28.log[39m[49m
[40m2024-02-28 05:58:55.632 PM info: [32mServer is listening on port 8081[39m[49m
[40m2024-02-28 05:59:07.242 PM info: [32mPage Requested: GET /pages/account[39m[49m
[40m2024-02-28 05:59:08.000 PM info: [32mPage Requested: GET /pages/account[39m[49m
[40m2024-02-28 06:02:39.974 PM info: [32mPage Requested: GET /pages/contact[39m[49m
[40m2024-02-28 06:09:33.693 PM info: [32mThis is an information message.[39m[49m
[40m2024-02-28 06:09:33.695 PM warn: [35mThis is a warning message.[39m[49m
[40m2024-02-28 06:09:33.695 PM error: [31mThis is an error message.[39m[49m
[40m2024-02-28 06:09:33.715 PM info: [32mA new log file was created: logs/2024-02-28/combined-2024-02-28.log[39m[49m
[40m2024-02-28 06:09:33.716 PM info: [32mServer is listening on port 8081[39m[49m
[40m2024-02-28 06:09:38.167 PM info: [32mPage Requested: GET /pages/account[39m[49m
[40m2024-02-28 06:11:27.694 PM error: [31mError fetching products: [39m[49m
[40m2024-02-28 06:11:30.270 PM info: [32mPage Requested: GET /pages/about[39m[49m
[40m2024-02-28 06:11:42.200 PM info: [32mPage Requested: GET /pages/account[39m[49m
[40m2024-02-28 06:12:07.731 PM info: [32mPage Requested: GET /pages/account[39m[49m
[40m2024-02-28 06:12:58.498 PM info: [32mPage Requested: GET /pages/account[39m[49m
[40m2024-02-28 06:25:07.459 PM info: [32mPage Requested: GET /pages/account[39m[49m
[40m2024-02-28 06:28:32.370 PM info: [32mPage Requested: GET /pages/account[39m[49m
[40m2024-02-28 06:28:32.474 PM error: [31m404 - route not found.[39m[49m
[40m2024-02-28 06:28:34.310 PM info: [32mPage Requested: GET /pages/account[39m[49m
[40m2024-02-28 06:28:37.208 PM info: [32mPage Requested: GET /pages/account[39m[49m
[40m2024-02-28 06:28:39.244 PM info: [32mPage Requested: GET /pages/account[39m[49m
[40m2024-02-28 06:28:42.288 PM info: [32mPage Requested: GET /pages/account[39m[49m
[40m2024-02-28 06:30:58.552 PM info: [32mPage Requested: GET /pages/account[39m[49m
[40m2024-02-28 06:30:58.658 PM error: [31m404 - route not found.[39m[49m
[40m2024-02-28 06:31:00.128 PM info: [32mPage Requested: GET /pages/account[39m[49m
[40m2024-02-28 06:31:00.926 PM info: [32mPage Requested: GET /pages/account[39m[49m
[40m2024-02-28 06:31:15.322 PM info: [32mPage Requested: GET /pages/account[39m[49m
[40m2024-02-28 06:31:45.820 PM info: [32mPage Requested: GET /pages/contact[39m[49m
[40m2024-02-28 06:32:03.212 PM info: [32mPage Requested: GET /pages/account[39m[49m
[40m2024-02-28 06:32:14.278 PM info: [32mPage Requested: GET /pages/account?username=janeil.carroll%40keyin.com[39m[49m
[40m2024-02-28 06:32:30.536 PM info: [32mPage Requested: GET /pages/account?username=janeil.carroll%40keyin.com[39m[49m
[40m2024-02-28 06:34:37.537 PM info: [32mPage Requested: GET /pages/account?username=janeil.carroll%40keyin.com[39m[49m
[40m2024-02-28 06:34:41.335 PM info: [32mPage Requested: GET /pages/account?username=janeil.carroll%40keyin.com[39m[49m
[40m2024-02-28 06:34:47.746 PM info: [32mPage Requested: GET /pages/account?username=janeil.carroll%40keyin.com[39m[49m
[40m2024-02-28 06:35:52.340 PM info: [32mPage Requested: GET /pages/about[39m[49m
[40m2024-02-28 06:35:57.780 PM info: [32mPage Requested: GET /pages/about[39m[49m
[40m2024-02-28 06:35:58.706 PM error: [31mError fetching products: [39m[49m
[40m2024-02-28 06:36:01.903 PM error: [31mError fetching products: [39m[49m
[40m2024-02-28 06:36:05.563 PM error: [31m404 - route not found.[39m[49m
[40m2024-02-28 06:36:08.546 PM error: [31m404 - route not found.[39m[49m
[40m2024-02-28 06:36:12.827 PM error: [31m404 - route not found.[39m[49m
[40m2024-02-28 06:36:15.518 PM info: [32mPage Requested: GET /pages/about[39m[49m
[40m2024-02-28 06:36:25.543 PM info: [32mPage Requested: GET /pages/checkout[39m[49m
[40m2024-02-28 06:36:30.487 PM info: [32mPage Requested: GET /pages/account[39m[49m
[40m2024-02-28 06:36:35.161 PM info: [32mPage Requested: GET /pages/account?username=janeil.carroll%40keyin.com[39m[49m
[40m2024-02-28 06:44:50.832 PM info: [32mPage Requested: GET /pages/account?username=janeil.carroll%40keyin.com[39m[49m
[40m2024-02-28 06:44:52.479 PM info: [32mPage Requested: GET /pages/account?username=janeil.carroll%40keyin.com[39m[49m
[40m2024-02-28 06:48:40.100 PM info: [32mPage Requested: GET /pages/account?username=janeil.carroll%40keyin.com[39m[49m
