[40m2024-02-28 07:15:55.059 AM error: [31mThis is an error message.[39m[49m
[40m2024-02-28 07:16:05.058 AM error: [31mError fetching products: [39m[49m
[40m2024-02-28 05:03:35.387 PM error: [31m404 - route not found.[39m[49m
[40m2024-02-28 05:09:48.894 PM error: [31m404 - route not found.[39m[49m
[40m2024-02-28 05:09:48.907 PM error: [31m404 - route not found.[39m[49m
[40m2024-02-28 05:11:34.343 PM error: [31m404 - route not found.[39m[49m
[40m2024-02-28 05:11:34.352 PM error: [31m404 - route not found.[39m[49m
[40m2024-02-28 05:12:48.270 PM error: [31m404 - route not found.[39m[49m
[40m2024-02-28 05:12:48.280 PM error: [31m404 - route not found.[39m[49m
[40m2024-02-28 05:13:59.557 PM error: [31m404 - route not found.[39m[49m
[40m2024-02-28 05:13:59.561 PM error: [31m404 - route not found.[39m[49m
[40m2024-02-28 05:14:02.193 PM error: [31m404 - route not found.[39m[49m
[40m2024-02-28 05:17:37.964 PM error: [31m404 - route not found.[39m[49m
[40m2024-02-28 05:21:19.255 PM error: [31m404 - route not found.[39m[49m
[40m2024-02-28 05:24:13.781 PM error: [31mThis is an error message.[39m[49m
[40m2024-02-28 05:24:17.418 PM error: [31m404 - route not found.[39m[49m
[40m2024-02-28 05:24:19.044 PM error: [31m404 - route not found.[39m[49m
[40m2024-02-28 05:24:22.530 PM error: [31m404 - route not found.[39m[49m
[40m2024-02-28 05:24:22.531 PM error: [31m404 - route not found.[39m[49m
[40m2024-02-28 05:24:22.531 PM error: [31m404 - route not found.[39m[49m
[40m2024-02-28 05:28:35.833 PM error: [31m404 - route not found.[39m[49m
[40m2024-02-28 05:28:38.014 PM error: [31m404 - route not found.[39m[49m
[40m2024-02-28 05:28:38.985 PM error: [31m404 - route not found.[39m[49m
[40m2024-02-28 05:28:45.276 PM error: [31m404 - route not found.[39m[49m
[40m2024-02-28 05:29:24.339 PM error: [31mThis is an error message.[39m[49m
[40m2024-02-28 05:29:29.011 PM error: [31m404 - route not found.[39m[49m
[40m2024-02-28 05:29:29.549 PM error: [31m404 - route not found.[39m[49m
[40m2024-02-28 05:29:29.797 PM error: [31m404 - route not found.[39m[49m
[40m2024-02-28 05:29:29.996 PM error: [31m404 - route not found.[39m[49m
[40m2024-02-28 05:29:36.087 PM error: [31m404 - route not found.[39m[49m
[40m2024-02-28 05:29:50.301 PM error: [31m404 - route not found.[39m[49m
[40m2024-02-28 05:31:06.761 PM error: [31m404 - route not found.[39m[49m
[40m2024-02-28 05:31:08.760 PM error: [31m404 - route not found.[39m[49m
[40m2024-02-28 05:31:10.931 PM error: [31m404 - route not found.[39m[49m
[40m2024-02-28 05:32:41.997 PM error: [31m404 - route not found.[39m[49m
[40m2024-02-28 05:32:42.570 PM error: [31m404 - route not found.[39m[49m
[40m2024-02-28 05:32:42.971 PM error: [31m404 - route not found.[39m[49m
[40m2024-02-28 05:32:43.186 PM error: [31m404 - route not found.[39m[49m
[40m2024-02-28 05:32:43.367 PM error: [31m404 - route not found.[39m[49m
[40m2024-02-28 05:32:43.555 PM error: [31m404 - route not found.[39m[49m
[40m2024-02-28 05:32:43.738 PM error: [31m404 - route not found.[39m[49m
[40m2024-02-28 05:32:43.938 PM error: [31m404 - route not found.[39m[49m
[40m2024-02-28 05:33:58.807 PM error: [31mThis is an error message.[39m[49m
[40m2024-02-28 05:46:02.191 PM error: [31mThis is an error message.[39m[49m
[40m2024-02-28 05:58:55.611 PM error: [31mThis is an error message.[39m[49m
[40m2024-02-28 06:09:33.695 PM error: [31mThis is an error message.[39m[49m
[40m2024-02-28 06:11:27.694 PM error: [31mError fetching products: [39m[49m
[40m2024-02-28 06:28:32.474 PM error: [31m404 - route not found.[39m[49m
[40m2024-02-28 06:30:58.658 PM error: [31m404 - route not found.[39m[49m
[40m2024-02-28 06:35:58.706 PM error: [31mError fetching products: [39m[49m
[40m2024-02-28 06:36:01.903 PM error: [31mError fetching products: [39m[49m
[40m2024-02-28 06:36:05.563 PM error: [31m404 - route not found.[39m[49m
[40m2024-02-28 06:36:08.546 PM error: [31m404 - route not found.[39m[49m
[40m2024-02-28 06:36:12.827 PM error: [31m404 - route not found.[39m[49m
