[40m2024-02-29 10:12:31.840 AM info: [32mThis is an information message.[39m[49m
[40m2024-02-29 10:12:31.842 AM warn: [35mThis is a warning message.[39m[49m
[40m2024-02-29 10:12:31.842 AM error: [31mThis is an error message.[39m[49m
[40m2024-02-29 10:12:31.863 AM info: [32mA new log file was created: logs/2024-02-29/combined-2024-02-29.log[39m[49m
[40m2024-02-29 10:12:31.864 AM info: [32mServer is listening on port 8081[39m[49m
[40m2024-02-29 10:12:36.062 AM error: [31m404 - route not found.[39m[49m
[40m2024-02-29 10:15:55.519 AM info: [32mPage Requested: GET /pages/account?username=janeil.carroll%40keyin.com[39m[49m
[40m2024-02-29 10:25:58.154 AM info: [32mPage Requested: GET /pages/account?username=janeil.carroll%40keyin.com[39m[49m
[40m2024-02-29 10:26:07.002 AM info: [32mPage Requested: GET /pages/account?username=janeil.carroll%40keyin.com[39m[49m
[40m2024-02-29 10:26:08.401 AM info: [32mPage Requested: GET /pages/account?username=janeil.carroll%40keyin.com[39m[49m
[40m2024-02-29 10:29:35.432 AM info: [32mPage Requested: GET /pages/account?username=janeil.carroll%40keyin.com[39m[49m
[40m2024-02-29 10:31:03.361 AM info: [32mThis is an information message.[39m[49m
[40m2024-02-29 10:31:03.362 AM warn: [35mThis is a warning message.[39m[49m
[40m2024-02-29 10:31:03.362 AM error: [31mThis is an error message.[39m[49m
[40m2024-02-29 10:31:03.386 AM info: [32mA new log file was created: logs/2024-02-29/combined-2024-02-29.log[39m[49m
[40m2024-02-29 10:31:03.387 AM info: [32mServer is listening on port 8081[39m[49m
[40m2024-02-29 10:31:07.822 AM info: [32mPage Requested: GET /pages/success[39m[49m
[40m2024-02-29 10:31:10.874 AM info: [32mPage Requested: GET /pages/success[39m[49m
[40m2024-02-29 10:31:15.530 AM info: [32mPage Requested: GET /pages/success[39m[49m
[40m2024-02-29 10:33:11.269 AM info: [32mPage Requested: GET /pages/success[39m[49m
[40m2024-02-29 10:36:20.787 AM info: [32mThis is an information message.[39m[49m
[40m2024-02-29 10:36:20.788 AM warn: [35mThis is a warning message.[39m[49m
[40m2024-02-29 10:36:20.788 AM error: [31mThis is an error message.[39m[49m
[40m2024-02-29 10:36:20.808 AM info: [32mA new log file was created: logs/2024-02-29/combined-2024-02-29.log[39m[49m
[40m2024-02-29 10:36:20.810 AM info: [32mServer is listening on port 8081[39m[49m
[40m2024-02-29 10:36:23.954 AM info: [32mPage Requested: GET /pages/success[39m[49m
[40m2024-02-29 10:36:32.018 AM error: [31m404 - route not found.[39m[49m
[40m2024-02-29 10:37:36.804 AM info: [32mPage Requested: GET /pages/success[39m[49m
[40m2024-02-29 10:39:35.828 AM info: [32mPage Requested: GET /pages/success[39m[49m
[40m2024-02-29 10:40:48.169 AM info: [32mPage Requested: GET /pages/success[39m[49m
[40m2024-02-29 10:40:51.678 AM error: [31mError fetching products: [39m[49m
[40m2024-02-29 10:42:25.986 AM info: [32mPage Requested: GET /pages/account[39m[49m
[40m2024-02-29 10:43:00.233 AM info: [32mPage Requested: GET /pages/success[39m[49m
[40m2024-02-29 10:43:21.375 AM error: [31mError fetching products: [39m[49m
[40m2024-02-29 10:58:06.464 AM info: [32mPage Requested: GET /pages/account[39m[49m
[40m2024-02-29 10:58:10.404 AM info: [32mPage Requested: GET /pages/success[39m[49m
[40m2024-02-29 10:58:25.700 AM error: [31mError fetching products: [39m[49m
[40m2024-02-29 10:58:30.343 AM info: [32mPage Requested: GET /pages/account[39m[49m
[40m2024-02-29 10:58:33.794 AM info: [32mPage Requested: GET /pages/success[39m[49m
[40m2024-02-29 10:59:13.771 AM info: [32mThis is an information message.[39m[49m
[40m2024-02-29 10:59:13.772 AM warn: [35mThis is a warning message.[39m[49m
[40m2024-02-29 10:59:13.772 AM error: [31mThis is an error message.[39m[49m
[40m2024-02-29 10:59:13.812 AM info: [32mA new log file was created: logs/2024-02-29/combined-2024-02-29.log[39m[49m
[40m2024-02-29 10:59:13.813 AM info: [32mServer is listening on port 8081[39m[49m
[40m2024-02-29 10:59:17.312 AM info: [32mPage Requested: GET /pages/success[39m[49m
[40m2024-02-29 10:59:19.278 AM info: [32mPage Requested: GET /pages/account[39m[49m
[40m2024-02-29 10:59:25.698 AM info: [32mPage Requested: GET /pages/success[39m[49m
