[40m2024-02-26 01:27:24.284 AM error: [31mThis is an error message.[39m[49m
[40m2024-02-26 01:40:02.866 AM error: [31m404 - route not found.[39m[49m
[40m2024-02-26 10:16:31.456 PM error: [31mThis is an error message.[39m[49m
[40m2024-02-26 10:28:29.923 PM error: [31mThis is an error message.[39m[49m
[40m2024-02-26 10:30:30.440 PM error: [31mError fetching products: role "postgres" does not exist[39m[49m
[40m2024-02-26 10:30:30.812 PM error: [31mError fetching products: role "postgres" does not exist[39m[49m
[40m2024-02-26 10:37:33.451 PM error: [31mThis is an error message.[39m[49m
[40m2024-02-26 10:44:40.428 PM error: [31m404 - route not found.[39m[49m
[40m2024-02-26 10:45:24.308 PM error: [31m404 - route not found.[39m[49m
[40m2024-02-26 10:45:26.635 PM error: [31m404 - route not found.[39m[49m
[40m2024-02-26 10:46:38.870 PM error: [31m404 - route not found.[39m[49m
[40m2024-02-26 10:46:39.897 PM error: [31m404 - route not found.[39m[49m
[40m2024-02-26 10:46:40.382 PM error: [31m404 - route not found.[39m[49m
[40m2024-02-26 10:46:54.455 PM error: [31m404 - route not found.[39m[49m
[40m2024-02-26 10:47:05.216 PM error: [31mThis is an error message.[39m[49m
[40m2024-02-26 10:47:11.347 PM error: [31m404 - route not found.[39m[49m
[40m2024-02-26 10:47:15.786 PM error: [31m404 - route not found.[39m[49m
[40m2024-02-26 10:53:04.966 PM error: [31m404 - route not found.[39m[49m
[40m2024-02-26 10:53:11.018 PM error: [31m404 - route not found.[39m[49m
[40m2024-02-26 10:53:25.118 PM error: [31mThis is an error message.[39m[49m
[40m2024-02-26 11:23:20.713 PM error: [31mThis is an error message.[39m[49m
